#
# There is insufficient memory for the Java Runtime Environment to continue.
# Native memory allocation (mmap) failed to map 89128960 bytes for committing reserved memory.
# Possible reasons:
#   The system is out of physical RAM or swap space
#   In 32 bit mode, the process size limit was hit
# Possible solutions:
#   Reduce memory load on the system
#   Increase physical memory or swap space
#   Check if swap backing store is full
#   Use 64 bit Java on a 64 bit OS
#   Decrease Java heap size (-Xmx/-Xms)
#   Decrease number of Java threads
#   Decrease Java thread stack sizes (-Xss)
#   Set larger code cache with -XX:ReservedCodeCacheSize=
# This output file may be truncated or incomplete.
#
#  Out of Memory Error (os_linux.cpp:2627), pid=2606, tid=0x00007f1acbf21700
#
# JRE version: OpenJDK Runtime Environment (8.0_112-b06) (build 1.8.0_112-release-b06)
# Java VM: OpenJDK 64-Bit Server VM (25.112-b06 mixed mode linux-amd64 compressed oops)
# Failed to write core dump. Core dumps have been disabled. To enable core dumping, try "ulimit -c unlimited" before starting Java again
#

---------------  T H R E A D  ---------------

Current thread (0x00007f1af0077800):  VMThread [stack: 0x00007f1acbe21000,0x00007f1acbf22000] [id=2614]

Stack: [0x00007f1acbe21000,0x00007f1acbf22000],  sp=0x00007f1acbf204d0,  free space=1021k
Native frames: (J=compiled Java code, j=interpreted, Vv=VM code, C=native code)
V  [libjvm.so+0x9e465d]  VMError::report_and_die()+0x15d
V  [libjvm.so+0x4b6ada]  report_vm_out_of_memory(char const*, int, unsigned long, VMErrorType, char const*)+0x8a
V  [libjvm.so+0x84c860]  os::pd_commit_memory(char*, unsigned long, unsigned long, bool)+0xf0
V  [libjvm.so+0x84737f]  os::commit_memory(char*, unsigned long, unsigned long, bool)+0x1f
V  [libjvm.so+0x8bd3db]  PSVirtualSpace::expand_by(unsigned long)+0x5b
V  [libjvm.so+0x8ae1bb]  PSOldGen::expand_by(unsigned long) [clone .part.109]+0x1b
V  [libjvm.so+0x8ae37b]  PSOldGen::expand(unsigned long) [clone .part.111]+0xdb
V  [libjvm.so+0x8aec58]  PSOldGen::resize(unsigned long)+0x188
V  [libjvm.so+0x8b426c]  PSParallelCompact::invoke_no_policy(bool)+0x97c
V  [libjvm.so+0x8bb37d]  PSScavenge::invoke()+0x17d
V  [libjvm.so+0x86fcf3]  ParallelScavengeHeap::failed_mem_allocate(unsigned long)+0x63
V  [libjvm.so+0x9e6124]  VM_ParallelGCFailedAllocation::doit()+0x84
V  [libjvm.so+0x9ea537]  VM_Operation::evaluate()+0x47
V  [libjvm.so+0x9e8ff8]  VMThread::evaluate_operation(VM_Operation*)+0x2c8
V  [libjvm.so+0x9e9479]  VMThread::loop()+0x219
V  [libjvm.so+0x9e98c2]  VMThread::run()+0x72
V  [libjvm.so+0x849c82]  java_start(Thread*)+0xf2

VM_Operation (0x00007f1a7aa95310): ParallelGCFailedAllocation, mode: safepoint, requested by thread 0x00007f1aa0005800


---------------  P R O C E S S  ---------------

Java Threads: ( => current thread )
  0x00007f1a5c021000 JavaThread "process reaper" daemon [_thread_blocked, id=5766, stack(0x00007f1ac8a57000,0x00007f1ac8a90000)]
  0x00007f1a94098000 JavaThread "pool-27-thread-1" [_thread_blocked, id=5762, stack(0x00007f1a7a698000,0x00007f1a7a799000)]
  0x00007f1a94019000 JavaThread "Cache update executor" [_thread_blocked, id=5761, stack(0x00007f1ac8f0a000,0x00007f1ac900b000)]
  0x00007f1a94020000 JavaThread "Stdin handler" [_thread_blocked, id=5743, stack(0x00007f1ac900b000,0x00007f1ac910c000)]
  0x00007f1a94011800 JavaThread "Asynchronous log dispatcher for DefaultDaemonConnection: socket connection from /127.0.0.1:43905 to /127.0.0.1:52502" [_thread_blocked, id=5740, stack(0x00007f1ac960f000,0x00007f1ac9710000)]
  0x00007f1aa0005800 JavaThread "Daemon worker Thread 7" [_thread_blocked, id=5738, stack(0x00007f1a7a999000,0x00007f1a7aa9a000)]
  0x00007f1aa0006800 JavaThread "Cancel handler" [_thread_blocked, id=5737, stack(0x00007f1ac930e000,0x00007f1ac940f000)]
  0x00007f1aa0008000 JavaThread "Handler for socket connection from /127.0.0.1:43905 to /127.0.0.1:52502" [_thread_in_native, id=5736, stack(0x00007f1ac920d000,0x00007f1ac930e000)]
  0x00007f1a9c036800 JavaThread "Daemon Thread 7" [_thread_blocked, id=5735, stack(0x00007f1ac9710000,0x00007f1ac9811000)]
  0x00007f1a6c0e5000 JavaThread "pool-6-thread-4" [_thread_blocked, id=5571, stack(0x00007f1a7a395000,0x00007f1a7a496000)]
  0x00007f1a7c001800 JavaThread "pool-6-thread-3" [_thread_blocked, id=5565, stack(0x00007f1a7aa9a000,0x00007f1a7ab9b000)]
  0x00007f1a8c71c000 JavaThread "pool-6-thread-2" [_thread_blocked, id=2659, stack(0x00007f1a7939f000,0x00007f1a794a0000)]
  0x00007f1a70017800 JavaThread "pool-6-thread-1" [_thread_blocked, id=2653, stack(0x00007f1a7a597000,0x00007f1a7a698000)]
  0x00007f1a8cc55000 JavaThread "File lock request listener" [_thread_in_native, id=2635, stack(0x00007f1ac82e8000,0x00007f1ac83e9000)]
  0x00007f1af0d7a000 JavaThread "pool-1-thread-1" [_thread_blocked, id=2630, stack(0x00007f1ac910c000,0x00007f1ac920d000)]
  0x00007f1af0d1d800 JavaThread "Incoming local TCP Connector on port 43905" [_thread_in_native, id=2623, stack(0x00007f1ac9a18000,0x00007f1ac9b19000)]
  0x00007f1af00c0800 JavaThread "Service Thread" daemon [_thread_blocked, id=2621, stack(0x00007f1acb28f000,0x00007f1acb390000)]
  0x00007f1af00bd800 JavaThread "C1 CompilerThread2" daemon [_thread_blocked, id=2620, stack(0x00007f1acb390000,0x00007f1acb491000)]
  0x00007f1af00bb800 JavaThread "C2 CompilerThread1" daemon [_thread_blocked, id=2619, stack(0x00007f1acb491000,0x00007f1acb592000)]
  0x00007f1af00b8800 JavaThread "C2 CompilerThread0" daemon [_thread_blocked, id=2618, stack(0x00007f1acb592000,0x00007f1acb693000)]
  0x00007f1af00b7000 JavaThread "Signal Dispatcher" daemon [_thread_blocked, id=2617, stack(0x00007f1acb693000,0x00007f1acb794000)]
  0x00007f1af0083800 JavaThread "Finalizer" daemon [_thread_blocked, id=2616, stack(0x00007f1acbc1f000,0x00007f1acbd20000)]
  0x00007f1af007f000 JavaThread "Reference Handler" daemon [_thread_blocked, id=2615, stack(0x00007f1acbd20000,0x00007f1acbe21000)]
  0x00007f1af000a000 JavaThread "main" [_thread_blocked, id=2607, stack(0x00007f1af7718000,0x00007f1af7819000)]

Other Threads:
=>0x00007f1af0077800 VMThread [stack: 0x00007f1acbe21000,0x00007f1acbf22000] [id=2614]
  0x00007f1af00c3000 WatcherThread [stack: 0x00007f1acb18e000,0x00007f1acb28f000] [id=2622]

VM state:at safepoint (normal execution)

VM Mutex/Monitor currently owned by a thread:  ([mutex/lock_event])
[0x00007f1af0005c70] ExpandHeap_lock - owner thread: 0x00007f1af0077800
[0x00007f1af00062f0] Threads_lock - owner thread: 0x00007f1af0077800
[0x00007f1af00067f0] Heap_lock - owner thread: 0x00007f1aa0005800

Heap:
 PSYoungGen      total 378368K, used 0K [0x00000000e0000000, 0x0000000100000000, 0x0000000100000000)
  eden space 232448K, 0% used [0x00000000e0000000,0x00000000e0000000,0x00000000ee300000)
  from space 145920K, 0% used [0x00000000ee300000,0x00000000ee300000,0x00000000f7180000)
  to   space 140800K, 0% used [0x00000000f7680000,0x00000000f7680000,0x0000000100000000)
 ParOldGen       total 321024K, used 249301K [0x00000000a0000000, 0x00000000b3980000, 0x00000000e0000000)
  object space 321024K, 77% used [0x00000000a0000000,0x00000000af3754d0,0x00000000b3980000)
 Metaspace       used 86221K, capacity 89740K, committed 94896K, reserved 1132544K
  class space    used 11035K, capacity 11605K, committed 12464K, reserved 1048576K

Card table byte_map: [0x00007f1af42a9000,0x00007f1af45aa000] byte_map_base: 0x00007f1af3da9000

Marking Bits: (ParMarkBitMap*) 0x00007f1af6be6340
 Begin Bits: [0x00007f1acd000000, 0x00007f1ace800000)
 End Bits:   [0x00007f1ace800000, 0x00007f1ad0000000)

Polling page: 0x00007f1af7839000

CodeCache: size=245760Kb used=50835Kb max_used=51150Kb free=194925Kb
 bounds [0x00007f1ae1000000, 0x00007f1ae4260000, 0x00007f1af0000000]
 total_blobs=15995 nmethods=15191 adapters=717
 compilation: enabled

Compilation events (10 events):
Event: 2812.330 Thread 0x00007f1af00bd800 19224       3       com.sun.org.apache.xpath.internal.axes.NodeSequence::clone (48 bytes)
Event: 2812.330 Thread 0x00007f1af00bd800 nmethod 19224 0x00007f1ae2c1f090 code [0x00007f1ae2c1f240, 0x00007f1ae2c1f838]
Event: 2812.330 Thread 0x00007f1af00bd800 19225       3       com.sun.org.apache.xml.internal.dtm.ref.DTMNodeIterator::nextNode (51 bytes)
Event: 2812.331 Thread 0x00007f1af00bd800 nmethod 19225 0x00007f1ae2935110 code [0x00007f1ae29352c0, 0x00007f1ae2935778]
Event: 2812.334 Thread 0x00007f1af00bb800 nmethod 19215 0x00007f1ae2d5ca50 code [0x00007f1ae2d5cbe0, 0x00007f1ae2d5d138]
Event: 2812.368 Thread 0x00007f1af00b8800 nmethod 19214 0x00007f1ae3ce06d0 code [0x00007f1ae3ce0980, 0x00007f1ae3ce1b40]
Event: 2812.396 Thread 0x00007f1af00bb800 19226       4       sun.security.provider.SHA::implReset (41 bytes)
Event: 2812.397 Thread 0x00007f1af00bb800 nmethod 19226 0x00007f1ae325e0d0 code [0x00007f1ae325e220, 0x00007f1ae325e2d8]
Event: 2812.420 Thread 0x00007f1af00b8800 19227       4       com.google.common.io.ByteStreams::copy (53 bytes)
Event: 2812.422 Thread 0x00007f1af00b8800 nmethod 19227 0x00007f1ae1cb2250 code [0x00007f1ae1cb23a0, 0x00007f1ae1cb2558]

GC Heap History (10 events):
Event: 2584.008 GC heap after
Heap after GC invocations=26 (full 5):
 PSYoungGen      total 296960K, used 17009K [0x00000000e0000000, 0x00000000f9380000, 0x0000000100000000)
  eden space 226816K, 0% used [0x00000000e0000000,0x00000000e0000000,0x00000000edd80000)
  from space 70144K, 24% used [0x00000000ee600000,0x00000000ef69c738,0x00000000f2a80000)
  to   space 93184K, 0% used [0x00000000f3880000,0x00000000f3880000,0x00000000f9380000)
 ParOldGen       total 321024K, used 196781K [0x00000000a0000000, 0x00000000b3980000, 0x00000000e0000000)
  object space 321024K, 61% used [0x00000000a0000000,0x00000000ac02b4f0,0x00000000b3980000)
 Metaspace       used 81789K, capacity 84690K, committed 87088K, reserved 1124352K
  class space    used 10494K, capacity 11002K, committed 11568K, reserved 1048576K
}
Event: 2678.393 GC heap before
{Heap before GC invocations=27 (full 5):
 PSYoungGen      total 296960K, used 243825K [0x00000000e0000000, 0x00000000f9380000, 0x0000000100000000)
  eden space 226816K, 100% used [0x00000000e0000000,0x00000000edd80000,0x00000000edd80000)
  from space 70144K, 24% used [0x00000000ee600000,0x00000000ef69c738,0x00000000f2a80000)
  to   space 93184K, 0% used [0x00000000f3880000,0x00000000f3880000,0x00000000f9380000)
 ParOldGen       total 321024K, used 196781K [0x00000000a0000000, 0x00000000b3980000, 0x00000000e0000000)
  object space 321024K, 61% used [0x00000000a0000000,0x00000000ac02b4f0,0x00000000b3980000)
 Metaspace       used 85348K, capacity 88438K, committed 89904K, reserved 1128448K
  class space    used 10963K, capacity 11482K, committed 11824K, reserved 1048576K
Event: 2678.603 GC heap after
Heap after GC invocations=27 (full 5):
 PSYoungGen      total 311808K, used 72901K [0x00000000e0000000, 0x00000000fb400000, 0x0000000100000000)
  eden space 218624K, 0% used [0x00000000e0000000,0x00000000e0000000,0x00000000ed580000)
  from space 93184K, 78% used [0x00000000f3880000,0x00000000f7fb1510,0x00000000f9380000)
  to   space 101376K, 0% used [0x00000000ed580000,0x00000000ed580000,0x00000000f3880000)
 ParOldGen       total 321024K, used 196957K [0x00000000a0000000, 0x00000000b3980000, 0x00000000e0000000)
  object space 321024K, 61% used [0x00000000a0000000,0x00000000ac0574f0,0x00000000b3980000)
 Metaspace       used 85348K, capacity 88438K, committed 89904K, reserved 1128448K
  class space    used 10963K, capacity 11482K, committed 11824K, reserved 1048576K
}
Event: 2680.477 GC heap before
{Heap before GC invocations=28 (full 5):
 PSYoungGen      total 311808K, used 291525K [0x00000000e0000000, 0x00000000fb400000, 0x0000000100000000)
  eden space 218624K, 100% used [0x00000000e0000000,0x00000000ed580000,0x00000000ed580000)
  from space 93184K, 78% used [0x00000000f3880000,0x00000000f7fb1510,0x00000000f9380000)
  to   space 101376K, 0% used [0x00000000ed580000,0x00000000ed580000,0x00000000f3880000)
 ParOldGen       total 321024K, used 196957K [0x00000000a0000000, 0x00000000b3980000, 0x00000000e0000000)
  object space 321024K, 61% used [0x00000000a0000000,0x00000000ac0574f0,0x00000000b3980000)
 Metaspace       used 89814K, capacity 93020K, committed 94640K, reserved 1132544K
  class space    used 11521K, capacity 12057K, committed 12464K, reserved 1048576K
Event: 2680.629 GC heap after
Heap after GC invocations=28 (full 5):
 PSYoungGen      total 320000K, used 101362K [0x00000000e0000000, 0x0000000100000000, 0x0000000100000000)
  eden space 218624K, 0% used [0x00000000e0000000,0x00000000e0000000,0x00000000ed580000)
  from space 101376K, 99% used [0x00000000ed580000,0x00000000f387c950,0x00000000f3880000)
  to   space 135168K, 0% used [0x00000000f7c00000,0x00000000f7c00000,0x0000000100000000)
 ParOldGen       total 321024K, used 241765K [0x00000000a0000000, 0x00000000b3980000, 0x00000000e0000000)
  object space 321024K, 75% used [0x00000000a0000000,0x00000000aec19440,0x00000000b3980000)
 Metaspace       used 89814K, capacity 93020K, committed 94640K, reserved 1132544K
  class space    used 11521K, capacity 12057K, committed 12464K, reserved 1048576K
}
Event: 2681.514 GC heap before
{Heap before GC invocations=29 (full 5):
 PSYoungGen      total 320000K, used 314309K [0x00000000e0000000, 0x0000000100000000, 0x0000000100000000)
  eden space 218624K, 97% used [0x00000000e0000000,0x00000000ecff4d08,0x00000000ed580000)
  from space 101376K, 99% used [0x00000000ed580000,0x00000000f387c950,0x00000000f3880000)
  to   space 135168K, 0% used [0x00000000f7c00000,0x00000000f7c00000,0x0000000100000000)
 ParOldGen       total 321024K, used 241765K [0x00000000a0000000, 0x00000000b3980000, 0x00000000e0000000)
  object space 321024K, 75% used [0x00000000a0000000,0x00000000aec19440,0x00000000b3980000)
 Metaspace       used 89851K, capacity 93032K, committed 94640K, reserved 1132544K
  class space    used 11522K, capacity 12059K, committed 12464K, reserved 1048576K
Event: 2681.649 GC heap after
Heap after GC invocations=29 (full 5):
 PSYoungGen      total 367616K, used 101881K [0x00000000e0000000, 0x0000000100000000, 0x0000000100000000)
  eden space 232448K, 0% used [0x00000000e0000000,0x00000000e0000000,0x00000000ee300000)
  from space 135168K, 75% used [0x00000000f7c00000,0x00000000fdf7e7e8,0x0000000100000000)
  to   space 145920K, 0% used [0x00000000ee300000,0x00000000ee300000,0x00000000f7180000)
 ParOldGen       total 321024K, used 246013K [0x00000000a0000000, 0x00000000b3980000, 0x00000000e0000000)
  object space 321024K, 76% used [0x00000000a0000000,0x00000000af03f470,0x00000000b3980000)
 Metaspace       used 89851K, capacity 93032K, committed 94640K, reserved 1132544K
  class space    used 11522K, capacity 12059K, committed 12464K, reserved 1048576K
}
Event: 2812.466 GC heap before
{Heap before GC invocations=30 (full 5):
 PSYoungGen      total 367616K, used 334128K [0x00000000e0000000, 0x0000000100000000, 0x0000000100000000)
  eden space 232448K, 99% used [0x00000000e0000000,0x00000000ee2cd9f0,0x00000000ee300000)
  from space 135168K, 75% used [0x00000000f7c00000,0x00000000fdf7e7e8,0x0000000100000000)
  to   space 145920K, 0% used [0x00000000ee300000,0x00000000ee300000,0x00000000f7180000)
 ParOldGen       total 321024K, used 246013K [0x00000000a0000000, 0x00000000b3980000, 0x00000000e0000000)
  object space 321024K, 76% used [0x00000000a0000000,0x00000000af03f470,0x00000000b3980000)
 Metaspace       used 90357K, capacity 93936K, committed 94896K, reserved 1132544K
  class space    used 11587K, capacity 12169K, committed 12464K, reserved 1048576K
Event: 2812.671 GC heap after
Heap after GC invocations=30 (full 5):
 PSYoungGen      total 378368K, used 30748K [0x00000000e0000000, 0x0000000100000000, 0x0000000100000000)
  eden space 232448K, 0% used [0x00000000e0000000,0x00000000e0000000,0x00000000ee300000)
  from space 145920K, 21% used [0x00000000ee300000,0x00000000f0107198,0x00000000f7180000)
  to   space 140800K, 0% used [0x00000000f7680000,0x00000000f7680000,0x0000000100000000)
 ParOldGen       total 321024K, used 302560K [0x00000000a0000000, 0x00000000b3980000, 0x00000000e0000000)
  object space 321024K, 94% used [0x00000000a0000000,0x00000000b2778048,0x00000000b3980000)
 Metaspace       used 90357K, capacity 93936K, committed 94896K, reserved 1132544K
  class space    used 11587K, capacity 12169K, committed 12464K, reserved 1048576K
}
Event: 2812.690 GC heap before
{Heap before GC invocations=31 (full 6):
 PSYoungGen      total 378368K, used 30748K [0x00000000e0000000, 0x0000000100000000, 0x0000000100000000)
  eden space 232448K, 0% used [0x00000000e0000000,0x00000000e0000000,0x00000000ee300000)
  from space 145920K, 21% used [0x00000000ee300000,0x00000000f0107198,0x00000000f7180000)
  to   space 140800K, 0% used [0x00000000f7680000,0x00000000f7680000,0x0000000100000000)
 ParOldGen       total 321024K, used 302560K [0x00000000a0000000, 0x00000000b3980000, 0x00000000e0000000)
  object space 321024K, 94% used [0x00000000a0000000,0x00000000b2778048,0x00000000b3980000)
 Metaspace       used 90357K, capacity 93936K, committed 94896K, reserved 1132544K
  class space    used 11587K, capacity 12169K, committed 12464K, reserved 1048576K

Deoptimization events (10 events):
Event: 2681.763 Thread 0x00007f1aa0005800 Uncommon trap: reason=speculate_class_check action=maybe_recompile pc=0x00007f1ae376cc08 method=java.nio.charset.CharsetDecoder.reset()Ljava/nio/charset/CharsetDecoder; @ 1
Event: 2681.875 Thread 0x00007f1a6c019800 Uncommon trap: reason=unstable_if action=reinterpret pc=0x00007f1ae2c4319c method=java.util.concurrent.ConcurrentHashMap.replaceNode(Ljava/lang/Object;Ljava/lang/Object;Ljava/lang/Object;)Ljava/lang/Object; @ 136
Event: 2681.876 Thread 0x00007f1a6c019800 Uncommon trap: reason=unstable_if action=reinterpret pc=0x00007f1ae37c6934 method=java.lang.ref.SoftReference.get()Ljava/lang/Object; @ 6
Event: 2681.902 Thread 0x00007f1aa0005800 Uncommon trap: reason=unstable_if action=reinterpret pc=0x00007f1ae192a7e8 method=com.google.protobuf.CodedOutputStream.computeUInt32SizeNoTag(I)I @ 14
Event: 2681.911 Thread 0x00007f1a9c036800 Uncommon trap: reason=predicate action=maybe_recompile pc=0x00007f1ae42117e8 method=java.util.ComparableTimSort.reverseRange([Ljava/lang/Object;II)V @ 8
Event: 2800.524 Thread 0x00007f1aa0005800 Uncommon trap: reason=class_check action=maybe_recompile pc=0x00007f1ae38688c8 method=com.google.common.collect.AbstractMapBasedMultimap.iteratorOrListIterator(Ljava/util/Collection;)Ljava/util/Iterator; @ 1
Event: 2803.296 Thread 0x00007f1aa0005800 Uncommon trap: reason=unstable_if action=reinterpret pc=0x00007f1ae1c37f7c method=java.lang.ref.SoftReference.get()Ljava/lang/Object; @ 6
Event: 2804.657 Thread 0x00007f1aa0005800 Uncommon trap: reason=unstable_if action=reinterpret pc=0x00007f1ae17282ac method=java.lang.ref.SoftReference.get()Ljava/lang/Object; @ 6
Event: 2809.544 Thread 0x00007f1aa0005800 Uncommon trap: reason=class_check action=maybe_recompile pc=0x00007f1ae2e51088 method=com.sun.org.apache.xerces.internal.impl.dtd.XMLDTDValidator.handleStartElement(Lcom/sun/org/apache/xerces/internal/xni/QName;Lcom/sun/org/apache/xerces/internal/xni/XMLA
Event: 2812.276 Thread 0x00007f1aa0005800 Uncommon trap: reason=speculate_class_check action=maybe_recompile pc=0x00007f1ae376cc08 method=java.nio.charset.CharsetDecoder.reset()Ljava/nio/charset/CharsetDecoder; @ 1

Internal exceptions (10 events):
Event: 2799.605 Thread 0x00007f1aa0005800 Exception <a 'sun/nio/fs/UnixException'> (0x00000000e72352d0) thrown at [/ssd/Android/AOSP-openjdk/external/jetbrains/jdk/hotspot/src/share/vm/prims/jni.cpp, line 709]
Event: 2799.620 Thread 0x00007f1aa0005800 Exception <a 'sun/nio/fs/UnixException'> (0x00000000e7237c58) thrown at [/ssd/Android/AOSP-openjdk/external/jetbrains/jdk/hotspot/src/share/vm/prims/jni.cpp, line 709]
Event: 2799.620 Thread 0x00007f1aa0005800 Exception <a 'sun/nio/fs/UnixException'> (0x00000000e7238ff8) thrown at [/ssd/Android/AOSP-openjdk/external/jetbrains/jdk/hotspot/src/share/vm/prims/jni.cpp, line 709]
Event: 2799.643 Thread 0x00007f1aa0005800 Exception <a 'sun/nio/fs/UnixException'> (0x00000000e723bef0) thrown at [/ssd/Android/AOSP-openjdk/external/jetbrains/jdk/hotspot/src/share/vm/prims/jni.cpp, line 709]
Event: 2799.643 Thread 0x00007f1aa0005800 Exception <a 'sun/nio/fs/UnixException'> (0x00000000e723d240) thrown at [/ssd/Android/AOSP-openjdk/external/jetbrains/jdk/hotspot/src/share/vm/prims/jni.cpp, line 709]
Event: 2799.754 Thread 0x00007f1aa0005800 Exception <a 'sun/nio/fs/UnixException'> (0x00000000e7242718) thrown at [/ssd/Android/AOSP-openjdk/external/jetbrains/jdk/hotspot/src/share/vm/prims/jni.cpp, line 709]
Event: 2799.754 Thread 0x00007f1aa0005800 Exception <a 'sun/nio/fs/UnixException'> (0x00000000e7243a18) thrown at [/ssd/Android/AOSP-openjdk/external/jetbrains/jdk/hotspot/src/share/vm/prims/jni.cpp, line 709]
Event: 2799.976 Thread 0x00007f1aa0005800 Exception <a 'sun/nio/fs/UnixException'> (0x00000000e7245ee0) thrown at [/ssd/Android/AOSP-openjdk/external/jetbrains/jdk/hotspot/src/share/vm/prims/jni.cpp, line 709]
Event: 2799.976 Thread 0x00007f1aa0005800 Exception <a 'sun/nio/fs/UnixException'> (0x00000000e72471e0) thrown at [/ssd/Android/AOSP-openjdk/external/jetbrains/jdk/hotspot/src/share/vm/prims/jni.cpp, line 709]
Event: 2804.657 Thread 0x00007f1aa0005800 Implicit null exception at 0x00007f1ae1720651 to 0x00007f1ae1728281

Events (10 events):
Event: 2811.781 Thread 0x00007f1af00bd800 flushing nmethod 0x00007f1ae2c98a10
Event: 2811.781 Thread 0x00007f1af00bd800 flushing nmethod 0x00007f1ae2cd5ad0
Event: 2811.781 Thread 0x00007f1af00bd800 flushing nmethod 0x00007f1ae2cfab90
Event: 2811.781 Thread 0x00007f1af00bd800 flushing nmethod 0x00007f1ae2d30a50
Event: 2811.781 Thread 0x00007f1af00bd800 flushing nmethod 0x00007f1ae2d31090
Event: 2811.781 Thread 0x00007f1af00bd800 flushing nmethod 0x00007f1ae2d36f90
Event: 2812.276 Thread 0x00007f1aa0005800 Uncommon trap: trap_request=0xffffff76 fr.pc=0x00007f1ae376cc08
Event: 2812.276 Thread 0x00007f1aa0005800 DEOPT PACKING pc=0x00007f1ae376cc08 sp=0x00007f1a7aa956f0
Event: 2812.276 Thread 0x00007f1aa0005800 DEOPT UNPACKING pc=0x00007f1ae1004f69 sp=0x00007f1a7aa95628 mode 2
Event: 2812.466 Executing VM operation: ParallelGCFailedAllocation


Dynamic libraries:
00400000-00401000 r-xp 00000000 08:07 1477921                            /usr/local/android-studio/jre/bin/java
00600000-00601000 r--p 00000000 08:07 1477921                            /usr/local/android-studio/jre/bin/java
00601000-00602000 rw-p 00001000 08:07 1477921                            /usr/local/android-studio/jre/bin/java
011d0000-011f1000 rw-p 00000000 00:00 0                                  [heap]
a0000000-b3980000 rw-p 00000000 00:00 0 
b8e80000-e0000000 ---p 00000000 00:00 0 
e0000000-100000000 rw-p 00000000 00:00 0 
100000000-100c2c000 rw-p 00000000 00:00 0 
100c2c000-140000000 ---p 00000000 00:00 0 
7f1a5b800000-7f1a5b880000 rw-p 00000000 00:00 0 
7f1a5b880000-7f1a5ba00000 ---p 00000000 00:00 0 
7f1a5ba00000-7f1a5bc00000 rw-p 00000000 00:00 0 
7f1a5bc00000-7f1a5be00000 rw-p 00000000 00:00 0 
7f1a5be00000-7f1a5c000000 rw-p 00000000 00:00 0 
7f1a5c000000-7f1a5c02a000 rw-p 00000000 00:00 0 
7f1a5c02a000-7f1a60000000 ---p 00000000 00:00 0 
7f1a60000000-7f1a6005e000 rw-p 00000000 00:00 0 
7f1a6005e000-7f1a64000000 ---p 00000000 00:00 0 
7f1a64000000-7f1a640b2000 rw-p 00000000 00:00 0 
7f1a640b2000-7f1a68000000 ---p 00000000 00:00 0 
7f1a68000000-7f1a68128000 rw-p 00000000 00:00 0 
7f1a68128000-7f1a6c000000 ---p 00000000 00:00 0 
7f1a6c000000-7f1a6c8ae000 rw-p 00000000 00:00 0 
7f1a6c8ae000-7f1a70000000 ---p 00000000 00:00 0 
7f1a70000000-7f1a7048a000 rw-p 00000000 00:00 0 
7f1a7048a000-7f1a74000000 ---p 00000000 00:00 0 
7f1a74000000-7f1a74021000 rw-p 00000000 00:00 0 
7f1a74021000-7f1a78000000 ---p 00000000 00:00 0 
7f1a7805a000-7f1a7805d000 ---p 00000000 00:00 0 
7f1a7805d000-7f1a7835b000 rw-p 00000000 00:00 0 
7f1a7835b000-7f1a7855b000 rw-p 00000000 00:00 0 
7f1a7862e000-7f1a78631000 ---p 00000000 00:00 0 
7f1a78631000-7f1a7892f000 rw-p 00000000 00:00 0 
7f1a7892f000-7f1a78b2f000 rw-p 00000000 00:00 0 
7f1a78b2f000-7f1a78d2f000 rw-p 00000000 00:00 0 
7f1a78d2f000-7f1a78d9f000 r--s 00643000 08:07 1603286                    /home/ducpm/.gradle/caches/jars-2/8cxlnul3q31hn64oaeyb96yvefwfs4h/groovy-all-2.4.6.jar
7f1a78d9f000-7f1a78f9f000 rw-p 00000000 00:00 0 
7f1a78f9f000-7f1a7919f000 rw-p 00000000 00:00 0 
7f1a7919f000-7f1a7939f000 rw-p 00000000 00:00 0 
7f1a7939f000-7f1a793a2000 ---p 00000000 00:00 0 
7f1a793a2000-7f1a794a0000 rw-p 00000000 00:00 0 
7f1a794a0000-7f1a794a3000 ---p 00000000 00:00 0 
7f1a794a3000-7f1a797a1000 rw-p 00000000 00:00 0 
7f1a797a1000-7f1a799a1000 rw-p 00000000 00:00 0 
7f1a799a1000-7f1a79ba1000 rw-p 00000000 00:00 0 
7f1a79be8000-7f1a79de8000 rw-p 00000000 00:00 0 
7f1a79dfe000-7f1a79e03000 r--s 00034000 08:07 1603288                    /home/ducpm/.gradle/caches/jars-2/c74d41v3l7o57dyhdc4xhdfblc3m2cw/gson-2.5.jar
7f1a79e03000-7f1a79e08000 r--s 0007a000 08:07 1616525                    /home/ducpm/.gradle/caches/jars-2/grenzqfqt85mgjj0y0ira3t0y08jana/gradle-tooling-extension-impl.jar
7f1a79e09000-7f1a79e0a000 r--s 00002000 08:07 1616523                    /home/ducpm/.gradle/caches/jars-2/svwjsy9ijjnr8w6koqz6kn1bqvdhlg4/external-system-rt.jar
7f1a79e0a000-7f1a79e0c000 r--s 0000a000 08:07 1616522                    /home/ducpm/.gradle/caches/jars-2/7218vekn48fs59m3epgdn3toof1pltz/gradle-tooling-extension-api.jar
7f1a79e5c000-7f1a79e84000 r--s 001cf000 08:07 1603198                    /home/ducpm/.gradle/caches/jars-2/87eo0lrvp84r6dbxjq018wy66es2era/guava-jdk5-17.0.jar
7f1a79e91000-7f1a79e94000 r--s 00015000 08:07 1599287                    /usr/local/android-studio/jre/jre/lib/jce.jar
7f1a79e94000-7f1a7a094000 rw-p 00000000 00:00 0 
7f1a7a094000-7f1a7a294000 rw-p 00000000 00:00 0 
7f1a7a294000-7f1a7a297000 ---p 00000000 00:00 0 
7f1a7a297000-7f1a7a395000 rw-p 00000000 00:00 0 
7f1a7a395000-7f1a7a398000 ---p 00000000 00:00 0 
7f1a7a398000-7f1a7a496000 rw-p 00000000 00:00 0 
7f1a7a496000-7f1a7a499000 ---p 00000000 00:00 0 
7f1a7a499000-7f1a7a597000 rw-p 00000000 00:00 0 
7f1a7a597000-7f1a7a59a000 ---p 00000000 00:00 0 
7f1a7a59a000-7f1a7a698000 rw-p 00000000 00:00 0 
7f1a7a698000-7f1a7a69b000 ---p 00000000 00:00 0 
7f1a7a69b000-7f1a7a999000 rw-p 00000000 00:00 0 
7f1a7a999000-7f1a7a99c000 ---p 00000000 00:00 0 
7f1a7a99c000-7f1a7aa9a000 rw-p 00000000 00:00 0 
7f1a7aa9a000-7f1a7aa9d000 ---p 00000000 00:00 0 
7f1a7aa9d000-7f1a7ad9b000 rw-p 00000000 00:00 0 
7f1a7ad9b000-7f1a7af9b000 rw-p 00000000 00:00 0 
7f1a7af9b000-7f1a7b19b000 rw-p 00000000 00:00 0 
7f1a7b19b000-7f1a7b39b000 rw-p 00000000 00:00 0 
7f1a7b39b000-7f1a7b59b000 rw-p 00000000 00:00 0 
7f1a7b59b000-7f1a7b5ae000 r--s 00344000 08:07 1599357                    /usr/local/android-studio/jre/jre/lib/resources.jar
7f1a7b5ae000-7f1a7b7ae000 rw-p 00000000 00:00 0 
7f1a7b7ae000-7f1a7b9ae000 rw-p 00000000 00:00 0 
7f1a7b9ae000-7f1a7bbae000 rw-p 00000000 00:00 0 
7f1a7bbae000-7f1a7bdae000 rw-p 00000000 00:00 0 
7f1a7bdae000-7f1a7bdaf000 r--s 00001000 08:07 1616581                    /home/ducpm/.gradle/caches/jars-2/cmhx5eetujk7j30d3nllwxyrlnugzjw/annotations-25.3.3.jar
7f1a7bdaf000-7f1a7bdb7000 r--s 000a8000 08:07 1727938                    /home/ducpm/.gradle/caches/jars-2/lp0h431tl0554nh1vx6zomcvteflkp/lombok-ast-0.2.3.jar
7f1a7bdb7000-7f1a7bdcb000 r--s 000b4000 08:07 1607879                    /home/ducpm/.gradle/caches/jars-2/hgvw6szzawm3evod5l2d6iutfug31w0/uast-162.2228.14.jar
7f1a7bdcb000-7f1a7bdcd000 r--s 0000d000 08:07 1727934                    /home/ducpm/.gradle/caches/jars-2/7pwz1bowgakb1eux9ezb56jlturgsyi/commons-codec-1.4.jar
7f1a7bdcd000-7f1a7bdcf000 r--s 0000d000 08:07 1727932                    /home/ducpm/.gradle/caches/jars-2/9dj1m0eyooi5qt13735vz8fpkl3cnfy/commons-logging-1.1.1.jar
7f1a7bdcf000-7f1a7bdd4000 r--s 00028000 08:07 1727930                    /home/ducpm/.gradle/caches/jars-2/62lv0fe9b3xbqe57f6ljy5upwi7mf6k/httpcore-4.1.jar
7f1a7bdd4000-7f1a7bdd8000 r--s 0002f000 08:07 1727928                    /home/ducpm/.gradle/caches/jars-2/gsg5n52frsvw6sx0swqqe2hwijwdcf0/jimfs-1.1.jar
7f1a7bdd8000-7f1a7bdd9000 r--s 00004000 08:07 1603462                    /home/ducpm/.gradle/caches/jars-2/lxs252id0979odjrerlctkb26c2vj95/annotations-12.0.jar
7f1a7bdd9000-7f1a7bdda000 r--s 00004000 08:07 1603460                    /home/ducpm/.gradle/caches/jars-2/9kn99dr0rulyl67sct1ephwcop56l61/asm-analysis-5.0.4.jar
7f1a7bdda000-7f1a7bdde000 r--s 00040000 08:07 1616580                    /home/ducpm/.gradle/caches/jars-2/ccvn7yglm4blceovs70fngoac1eyn4f/lint-api-25.3.3.jar
7f1a7bdde000-7f1a7bde0000 r--s 00005000 08:07 1603454                    /home/ducpm/.gradle/caches/jars-2/i6hc1uuj8e9ck59slmzdyz78ydn8sr6/httpmime-4.1.jar
7f1a7bde0000-7f1a7bde8000 r--s 0004e000 08:07 1603452                    /home/ducpm/.gradle/caches/jars-2/7503wa5irssz0xxahv1xb82p2dl7rr2/httpclient-4.1.1.jar
7f1a7bde8000-7f1a7bdef000 r--s 00053000 08:07 1603450                    /home/ducpm/.gradle/caches/jars-2/jgkfvs4eqggj7qsyw1f5d3up57hanj1/commons-compress-1.8.1.jar
7f1a7bdef000-7f1a7bdf4000 r--s 0002a000 08:07 1603448                    /home/ducpm/.gradle/caches/jars-2/je8f027qcr1z1egw08byp1ybxbp9kko/gson-2.2.4.jar
7f1a7bdf4000-7f1a7bdf9000 r--s 0002e000 08:07 1616579                    /home/ducpm/.gradle/caches/jars-2/s427p2wh0tfza0xa8qijgx107eeevyl/repository-25.3.3.jar
7f1a7bdf9000-7f1a7bdfb000 r--s 00006000 08:07 1616578                    /home/ducpm/.gradle/caches/jars-2/e2s952s6co8tps89l80r4riixwqo2oe/dvlib-25.3.3.jar
7f1a7bdfb000-7f1a7be00000 r--s 00058000 08:07 1603440                    /home/ducpm/.gradle/caches/jars-2/st159835qgxm0l87oqrnhayxos4lc1n/asm-debug-all-5.0.1.jar
7f1a7be00000-7f1a7c000000 rw-p 00000000 00:00 0 
7f1a7c000000-7f1a7c021000 rw-p 00000000 00:00 0 
7f1a7c021000-7f1a80000000 ---p 00000000 00:00 0 
7f1a80000000-7f1a80021000 rw-p 00000000 00:00 0 
7f1a80021000-7f1a84000000 ---p 00000000 00:00 0 
7f1a84000000-7f1a8404e000 rw-p 00000000 00:00 0 
7f1a8404e000-7f1a88000000 ---p 00000000 00:00 0 
7f1a88000000-7f1a880c8000 rw-p 00000000 00:00 0 
7f1a880c8000-7f1a8c000000 ---p 00000000 00:00 0 
7f1a8c000000-7f1a8d7f4000 rw-p 00000000 00:00 0 
7f1a8d7f4000-7f1a90000000 ---p 00000000 00:00 0 
7f1a90000000-7f1a90021000 rw-p 00000000 00:00 0 
7f1a90021000-7f1a94000000 ---p 00000000 00:00 0 
7f1a94000000-7f1a947d1000 rw-p 00000000 00:00 0 
7f1a947d1000-7f1a98000000 ---p 00000000 00:00 0 
7f1a98000000-7f1a98429000 rw-p 00000000 00:00 0 
7f1a98429000-7f1a9c000000 ---p 00000000 00:00 0 
7f1a9c000000-7f1a9c06f000 rw-p 00000000 00:00 0 
7f1a9c06f000-7f1aa0000000 ---p 00000000 00:00 0 
7f1aa0000000-7f1aa0021000 rw-p 00000000 00:00 0 
7f1aa0021000-7f1aa4000000 ---p 00000000 00:00 0 
7f1aa4000000-7f1aa4021000 rw-p 00000000 00:00 0 
7f1aa4021000-7f1aa8000000 ---p 00000000 00:00 0 
7f1aa8000000-7f1aa8021000 rw-p 00000000 00:00 0 
7f1aa8021000-7f1aac000000 ---p 00000000 00:00 0 
7f1aac000000-7f1aade7c000 rw-p 00000000 00:00 0 
7f1aade7c000-7f1ab0000000 ---p 00000000 00:00 0 
7f1ab0000000-7f1ab0f6b000 rw-p 00000000 00:00 0 
7f1ab0f6b000-7f1ab4000000 ---p 00000000 00:00 0 
7f1ab4000000-7f1ab4021000 rw-p 00000000 00:00 0 
7f1ab4021000-7f1ab8000000 ---p 00000000 00:00 0 
7f1ab8000000-7f1aba39a000 rw-p 00000000 00:00 0 
7f1aba39a000-7f1abc000000 ---p 00000000 00:00 0 
7f1abc000000-7f1abc021000 rw-p 00000000 00:00 0 
7f1abc021000-7f1ac0000000 ---p 00000000 00:00 0 
7f1ac0000000-7f1ac0021000 rw-p 00000000 00:00 0 
7f1ac0021000-7f1ac4000000 ---p 00000000 00:00 0 
7f1ac4000000-7f1ac427e000 rw-p 00000000 00:00 0 
7f1ac427e000-7f1ac8000000 ---p 00000000 00:00 0 
7f1ac8000000-7f1ac8001000 r--s 0000a000 08:07 1603456                    /home/ducpm/.gradle/caches/jars-2/nwyg9io65lv6jvmwit2wq82xnnxd7ia/kxml2-2.3.0.jar
7f1ac8001000-7f1ac8003000 r--s 00013000 08:07 1616577                    /home/ducpm/.gradle/caches/jars-2/s02k517nvrh8cbp2c8dz4slqska6dj9/layoutlib-api-25.3.3.jar
7f1ac8003000-7f1ac8013000 r--s 000d5000 08:07 1603438                    /home/ducpm/.gradle/caches/jars-2/qzf32gp9kej4w4hlbabft6tplu74cj3/proguard-base-5.3.2.jar
7f1ac8013000-7f1ac8016000 r--s 00033000 08:07 1603436                    /home/ducpm/.gradle/caches/jars-2/nz9sndmr8b4xbj4xulkaciy5kdbyfiz/juniversalchardet-1.0.3.jar
7f1ac8016000-7f1ac801a000 r--s 0002a000 08:07 1603434                    /home/ducpm/.gradle/caches/jars-2/krbpn9xjn1qymukyx8cc5l799ty1v3h/commons-io-2.4.jar
7f1ac801a000-7f1ac8031000 r--s 00154000 08:07 1603432                    /home/ducpm/.gradle/caches/jars-2/sfeivjswzitn6n0fnjx3ueszz8gv8o1/antlr4-4.5.3.jar
7f1ac8031000-7f1ac8033000 r--s 00002000 08:07 1616576                    /home/ducpm/.gradle/caches/jars-2/rh2ip1x2zziz26tr3qzudtz088pqsb2/baseLibrary-2.3.3.jar
7f1ac8033000-7f1ac805e000 r--s 001fc000 08:07 1603428                    /home/ducpm/.gradle/caches/jars-2/nxjrjftly2xksl8o0wqgivu5netfu2x/guava-18.0.jar
7f1ac805e000-7f1ac8071000 r--s 00241000 08:07 1603426                    /home/ducpm/.gradle/caches/jars-2/9yuekvg4qerfitq3xec0iyckuw3hwaq/ecj-4.6.1.jar
7f1ac8071000-7f1ac8078000 r--s 000d9000 08:07 1616575                    /home/ducpm/.gradle/caches/jars-2/ak89aa8liqmr44u7r08njntn6oehe0z/lint-checks-25.3.3.jar
7f1ac8078000-7f1ac807a000 r--s 00006000 08:07 1603422                    /home/ducpm/.gradle/caches/jars-2/6phgj9ki3jl3p5epzkqoo8pr6kur40b/asm-tree-5.0.4.jar
7f1ac807a000-7f1ac80ad000 r--s 00203000 08:07 1603420                    /home/ducpm/.gradle/caches/jars-2/hj0bfvxu9cq7hkwmecvp0kg137or3hh/bcprov-jdk15on-1.48.jar
7f1ac80ad000-7f1ac80bb000 r--s 00081000 08:07 1603418                    /home/ducpm/.gradle/caches/jars-2/4r7xli0tz94y0wfjrdyjxlxar3g1pb9/bcpkix-jdk15on-1.48.jar
7f1ac80bb000-7f1ac80bd000 r--s 00002000 08:07 1603416                    /home/ducpm/.gradle/caches/jars-2/f32bh5uivuf69ecz2j8hl96ksnqdh7v/javawriter-2.5.0.jar
7f1ac80bd000-7f1ac80bf000 r--s 00004000 08:07 1616574                    /home/ducpm/.gradle/caches/jars-2/j6s1upogkwo00sygdsekzj4fx0i75uy/tracker-25.3.3.jar
7f1ac80bf000-7f1ac80c0000 r--s 00005000 08:07 1616573                    /home/ducpm/.gradle/caches/jars-2/4svya0t1s9wyo35ycd3atidsaoo6w7e/shared-25.3.3.jar
7f1ac80c0000-7f1ac80ce000 r--s 00147000 08:07 1616572                    /home/ducpm/.gradle/caches/jars-2/qx6695c5ocd9swxv7wqtxor3plyb4b7/protos-25.3.3.jar
7f1ac80ce000-7f1ac80cf000 r--s 00001000 08:07 1607166                    /home/ducpm/.gradle/caches/jars-2/bqo69msswbvaagsh45hf1tq02v21sml/jill-api-0.10.0.jar
7f1ac80cf000-7f1ac80d5000 r--s 0004a000 08:07 1616571                    /home/ducpm/.gradle/caches/jars-2/euoqfzf5y1sibp9ul8mcz0wovj380eo/ddmlib-25.3.3.jar
7f1ac80d5000-7f1ac80de000 r--s 00089000 08:07 1616568                    /home/ducpm/.gradle/caches/jars-2/m0t6h8af70sdgxvkj522jy01i14mnb8/sdk-common-25.3.3.jar
7f1ac80de000-7f1ac80e8000 r--s 00098000 08:07 1616567                    /home/ducpm/.gradle/caches/jars-2/28c9ykhc782k8jmlrnbnccai34hziki/sdklib-25.3.3.jar
7f1ac80e8000-7f1ac82e8000 rw-p 00000000 00:00 0 
7f1ac82e8000-7f1ac82eb000 ---p 00000000 00:00 0 
7f1ac82eb000-7f1ac85e9000 rw-p 00000000 00:00 0 
7f1ac85e9000-7f1ac87e9000 rw-p 00000000 00:00 0 
7f1ac87e9000-7f1ac89e9000 rw-p 00000000 00:00 0 
7f1ac89e9000-7f1ac89eb000 r--s 00003000 08:07 1603834                    /home/ducpm/.gradle/caches/jars-2/7pldadygbci34ql8thws797g29k1uhh/jack-api-0.13.0.jar
7f1ac89eb000-7f1ac89ee000 r--s 00022000 08:07 1616570                    /home/ducpm/.gradle/caches/jars-2/a81bg2yxzmumashablwecaj0ksz6tmj/manifest-merger-25.3.3.jar
7f1ac89ee000-7f1ac89f1000 r--s 0001c000 08:07 1616569                    /home/ducpm/.gradle/caches/jars-2/l6cnyee1vojrkkbpp6qwgpf30shmrja/common-25.3.3.jar
7f1ac89f1000-7f1ac89f2000 r--s 00002000 08:07 1616566                    /home/ducpm/.gradle/caches/jars-2/4dod7a1p5hoai4v37pxbcg65bbahvg2/builder-test-api-2.3.3.jar
7f1ac89f2000-7f1ac89f5000 r--s 00006000 08:07 1616565                    /home/ducpm/.gradle/caches/jars-2/omk02asobup8sgd6qxom3ej5bg94z2r/builder-model-2.3.3.jar
7f1ac89f5000-7f1ac8a04000 r--s 00130000 08:07 1603390                    /home/ducpm/.gradle/caches/jars-2/cr6zkqpx14lor9zdtmo49qpc7y8r8p4/protobuf-java-3.0.0.jar
7f1ac8a04000-7f1ac8a06000 r--s 0000f000 08:07 1603388                    /home/ducpm/.gradle/caches/jars-2/rvfyugrlu5tbpz51p98og0qsxamjq4k/jopt-simple-4.9.jar
7f1ac8a06000-7f1ac8a0a000 r--s 0001f000 08:07 1603386                    /home/ducpm/.gradle/caches/jars-2/nq3fzqkrrm37ob61z4iu5qdbh368uat/org.jacoco.report-0.7.5.201505241946.jar
7f1ac8a0a000-7f1ac8a0e000 r--s 0001d000 08:07 1603384                    /home/ducpm/.gradle/caches/jars-2/3kxkmcckmk40ron92zhbm0qjo9l4bkl/org.jacoco.core-0.7.5.201505241946.jar
7f1ac8a0e000-7f1ac8a10000 r--s 00002000 08:07 1603382                    /home/ducpm/.gradle/caches/jars-2/m4m0pzb4gmaeh0in5g2xc4bxeuwt828/proguard-gradle-5.3.2.jar
7f1ac8a10000-7f1ac8a12000 r--s 00009000 08:07 1603380                    /home/ducpm/.gradle/caches/jars-2/ajvcvdu66lc9e3tvvipxtuq48i9bbkc/asm-commons-5.0.4.jar
7f1ac8a12000-7f1ac8a14000 r--s 0000c000 08:07 1603378                    /home/ducpm/.gradle/caches/jars-2/1laz1ygmxoc408r7nwqs1q8uk8r236d/asm-5.0.4.jar
7f1ac8a14000-7f1ac8a19000 r--s 0002c000 08:07 1616564                    /home/ducpm/.gradle/caches/jars-2/3mlasgi8oo9o7oa12526198jui9zmp2/compilerCommon-2.3.3.jar
7f1ac8a19000-7f1ac8a1a000 r--s 00002000 08:07 1616563                    /home/ducpm/.gradle/caches/jars-2/73l309uzm0ila7rdaaxteq0ng4ayf2y/gradle-api-2.3.3.jar
7f1ac8a1a000-7f1ac8a1b000 r--s 00000000 08:07 1599217                    /home/ducpm/.gradle/caches/jars-2/tlyajppf8woug00g686fx5mchf8iv3o/transform-api-2.0.0-deprecated-use-gradle-api.jar
7f1ac8a1b000-7f1ac8a20000 r--s 0005e000 08:07 1616562                    /home/ducpm/.gradle/caches/jars-2/k2xtosjt0in0zj7mpwvctw6iznt93uh/lint-25.3.3.jar
7f1ac8a20000-7f1ac8a36000 r--s 00163000 08:07 1616561                    /home/ducpm/.gradle/caches/jars-2/nyg71b5n2lzymmwh5vbtmvjiby07k4g/builder-2.3.3.jar
7f1ac8a36000-7f1ac8a55000 r--s 001ca000 08:07 1616560                    /home/ducpm/.gradle/caches/jars-2/5fwyvjq1ai8mdh1mluqxidj1wo7rls8/gradle-core-2.3.3.jar
7f1ac8a55000-7f1ac8a57000 r--s 0000d000 08:07 1616559                    /home/ducpm/.gradle/caches/jars-2/mel54vauze7hczg2p6nebauqz8s53sj/gradle-2.3.3.jar
7f1ac8a57000-7f1ac8a5a000 ---p 00000000 00:00 0 
7f1ac8a5a000-7f1ac8a90000 rw-p 00000000 00:00 0 
7f1ac8a90000-7f1ac8a91000 r--p 00000000 00:00 0 
7f1ac8a91000-7f1ac8c91000 rw-p 00000000 00:00 0 
7f1ac8c91000-7f1ac8d0a000 r--s 010ed000 08:07 1477933                    /usr/local/android-studio/jre/lib/tools.jar
7f1ac8d0a000-7f1ac8f0a000 rw-p 00000000 00:00 0 
7f1ac8f0a000-7f1ac8f0d000 ---p 00000000 00:00 0 
7f1ac8f0d000-7f1ac900b000 rw-p 00000000 00:00 0 
7f1ac900b000-7f1ac900e000 ---p 00000000 00:00 0 
7f1ac900e000-7f1ac910c000 rw-p 00000000 00:00 0 
7f1ac910c000-7f1ac910f000 ---p 00000000 00:00 0 
7f1ac910f000-7f1ac920d000 rw-p 00000000 00:00 0 
7f1ac920d000-7f1ac9210000 ---p 00000000 00:00 0 
7f1ac9210000-7f1ac930e000 rw-p 00000000 00:00 0 
7f1ac930e000-7f1ac9311000 ---p 00000000 00:00 0 
7f1ac9311000-7f1ac960f000 rw-p 00000000 00:00 0 
7f1ac960f000-7f1ac9612000 ---p 00000000 00:00 0 
7f1ac9612000-7f1ac9710000 rw-p 00000000 00:00 0 
7f1ac9710000-7f1ac9713000 ---p 00000000 00:00 0 
7f1ac9713000-7f1ac9811000 rw-p 00000000 00:00 0 
7f1ac9811000-7f1ac9818000 r--s 00000000 08:07 1227563                    /usr/lib/x86_64-linux-gnu/gconv/gconv-modules.cache
7f1ac9818000-7f1ac9a18000 rw-p 00000000 00:00 0 
7f1ac9a18000-7f1ac9a1b000 ---p 00000000 00:00 0 
7f1ac9a1b000-7f1ac9b19000 rw-p 00000000 00:00 0 
7f1ac9b19000-7f1ac9b22000 r-xp 00000000 08:07 1599347                    /usr/local/android-studio/jre/jre/lib/amd64/libmanagement.so
7f1ac9b22000-7f1ac9d21000 ---p 00009000 08:07 1599347                    /usr/local/android-studio/jre/jre/lib/amd64/libmanagement.so
7f1ac9d21000-7f1ac9d22000 r--p 00008000 08:07 1599347                    /usr/local/android-studio/jre/jre/lib/amd64/libmanagement.so
7f1ac9d22000-7f1ac9d23000 rw-p 00009000 08:07 1599347                    /usr/local/android-studio/jre/jre/lib/amd64/libmanagement.so
7f1ac9d23000-7f1ac9d28000 r--s 00098000 08:07 1599308                    /usr/local/android-studio/jre/jre/lib/jsse.jar
7f1ac9d28000-7f1ac9d2a000 r--s 00007000 08:07 1601758                    /home/ducpm/.gradle/wrapper/dists/gradle-3.3-all/55gk2rcmfc6p2dg9u9ohc3hw9/gradle-3.3/lib/plugins/gradle-tooling-api-builders-3.3.jar
7f1ac9d2a000-7f1ac9d2d000 r--s 00009000 08:07 1601751                    /home/ducpm/.gradle/wrapper/dists/gradle-3.3-all/55gk2rcmfc6p2dg9u9ohc3hw9/gradle-3.3/lib/plugins/gradle-testing-native-3.3.jar
7f1ac9d2d000-7f1ac9d33000 r--s 00033000 08:07 1601826                    /home/ducpm/.gradle/wrapper/dists/gradle-3.3-all/55gk2rcmfc6p2dg9u9ohc3hw9/gradle-3.3/lib/plugins/snakeyaml-1.6.jar
7f1ac9d33000-7f1ac9d35000 r--s 00006000 08:07 1601825                    /home/ducpm/.gradle/wrapper/dists/gradle-3.3-all/55gk2rcmfc6p2dg9u9ohc3hw9/gradle-3.3/lib/plugins/jcommander-1.12.jar
7f1ac9d35000-7f1ac9d3a000 r--s 00040000 08:07 1601824                    /home/ducpm/.gradle/wrapper/dists/gradle-3.3-all/55gk2rcmfc6p2dg9u9ohc3hw9/gradle-3.3/lib/plugins/bsh-2.0b4.jar
7f1ac9d3a000-7f1ac9d3c000 r--s 00009000 08:07 1601832                    /home/ducpm/.gradle/wrapper/dists/gradle-3.3-all/55gk2rcmfc6p2dg9u9ohc3hw9/gradle-3.3/lib/plugins/hamcrest-core-1.3.jar
7f1ac9d3c000-7f1ac9d45000 r--s 00089000 08:07 1601783                    /home/ducpm/.gradle/wrapper/dists/gradle-3.3-all/55gk2rcmfc6p2dg9u9ohc3hw9/gradle-3.3/lib/plugins/testng-6.3.1.jar
7f1ac9d45000-7f1ac9d4d000 r--s 00045000 08:07 1601782                    /home/ducpm/.gradle/wrapper/dists/gradle-3.3-all/55gk2rcmfc6p2dg9u9ohc3hw9/gradle-3.3/lib/plugins/junit-4.12.jar
7f1ac9d4d000-7f1ac9d53000 r--s 0002e000 08:07 1601752                    /home/ducpm/.gradle/wrapper/dists/gradle-3.3-all/55gk2rcmfc6p2dg9u9ohc3hw9/gradle-3.3/lib/plugins/gradle-testing-jvm-3.3.jar
7f1ac9d53000-7f1ac9d57000 r--s 00016000 08:07 1601750                    /home/ducpm/.gradle/wrapper/dists/gradle-3.3-all/55gk2rcmfc6p2dg9u9ohc3hw9/gradle-3.3/lib/plugins/gradle-testing-base-3.3.jar
7f1ac9d57000-7f1ac9d5e000 r--s 00038000 08:07 1601777                    /home/ducpm/.gradle/wrapper/dists/gradle-3.3-all/55gk2rcmfc6p2dg9u9ohc3hw9/gradle-3.3/lib/plugins/bcpg-jdk15on-1.51.jar
7f1ac9d5e000-7f1ac9d60000 r--s 0000c000 08:07 1601729                    /home/ducpm/.gradle/wrapper/dists/gradle-3.3-all/55gk2rcmfc6p2dg9u9ohc3hw9/gradle-3.3/lib/plugins/gradle-signing-3.3.jar
7f1ac9d60000-7f1ac9d62000 r--s 00007000 08:07 1601728                    /home/ducpm/.gradle/wrapper/dists/gradle-3.3-all/55gk2rcmfc6p2dg9u9ohc3hw9/gradle-3.3/lib/plugins/gradle-scala-3.3.jar
7f1ac9d62000-7f1ac9d63000 r--s 00004000 08:07 1601756                    /home/ducpm/.gradle/wrapper/dists/gradle-3.3-all/55gk2rcmfc6p2dg9u9ohc3hw9/gradle-3.3/lib/plugins/gradle-resources-sftp-3.3.jar
7f1ac9d63000-7f1ac9d73000 r--s 00088000 08:07 1601793                    /home/ducpm/.gradle/wrapper/dists/gradle-3.3-all/55gk2rcmfc6p2dg9u9ohc3hw9/gradle-3.3/lib/plugins/joda-time-2.8.2.jar
7f1ac9d73000-7f1ac9d84000 r--s 0010d000 08:07 1601792                    /home/ducpm/.gradle/wrapper/dists/gradle-3.3-all/55gk2rcmfc6p2dg9u9ohc3hw9/gradle-3.3/lib/plugins/jackson-databind-2.6.6.jar
7f1ac9d84000-7f1ac9d87000 r--s 00009000 08:07 1601791                    /home/ducpm/.gradle/wrapper/dists/gradle-3.3-all/55gk2rcmfc6p2dg9u9ohc3hw9/gradle-3.3/lib/plugins/jackson-annotations-2.6.6.jar
7f1ac9d87000-7f1ac9d8b000 r--s 0003c000 08:07 1601790                    /home/ducpm/.gradle/wrapper/dists/gradle-3.3-all/55gk2rcmfc6p2dg9u9ohc3hw9/gradle-3.3/lib/plugins/jackson-core-2.6.6.jar
7f1ac9d8b000-7f1ac9d99000 r--s 00087000 08:07 1601789                    /home/ducpm/.gradle/wrapper/dists/gradle-3.3-all/55gk2rcmfc6p2dg9u9ohc3hw9/gradle-3.3/lib/plugins/aws-java-sdk-core-1.11.6.jar
7f1ac9d99000-7f1ac9da0000 r--s 00057000 08:07 1601788                    /home/ducpm/.gradle/wrapper/dists/gradle-3.3-all/55gk2rcmfc6p2dg9u9ohc3hw9/gradle-3.3/lib/plugins/aws-java-sdk-kms-1.11.6.jar
7f1ac9da0000-7f1ac9dad000 r--s 0008e000 08:07 1601787                    /home/ducpm/.gradle/wrapper/dists/gradle-3.3-all/55gk2rcmfc6p2dg9u9ohc3hw9/gradle-3.3/lib/plugins/aws-java-sdk-s3-1.11.6.jar
7f1ac9dad000-7f1ac9daf000 r--s 00004000 08:07 1601757                    /home/ducpm/.gradle/wrapper/dists/gradle-3.3-all/55gk2rcmfc6p2dg9u9ohc3hw9/gradle-3.3/lib/plugins/gradle-resources-s3-3.3.jar
7f1ac9daf000-7f1ac9db1000 r--s 00005000 08:07 1601781                    /home/ducpm/.gradle/wrapper/dists/gradle-3.3-all/55gk2rcmfc6p2dg9u9ohc3hw9/gradle-3.3/lib/plugins/jatl-0.2.2.jar
7f1ac9db1000-7f1ac9db3000 r--s 0000f000 08:07 1601734                    /home/ducpm/.gradle/wrapper/dists/gradle-3.3-all/55gk2rcmfc6p2dg9u9ohc3hw9/gradle-3.3/lib/plugins/gradle-reporting-3.3.jar
7f1ac9db3000-7f1ac9db5000 r--s 00002000 08:07 1601735                    /home/ducpm/.gradle/wrapper/dists/gradle-3.3-all/55gk2rcmfc6p2dg9u9ohc3hw9/gradle-3.3/lib/plugins/gradle-publish-3.3.jar
7f1ac9db5000-7f1ac9db7000 r--s 00009000 08:07 1601764                    /home/ducpm/.gradle/wrapper/dists/gradle-3.3-all/55gk2rcmfc6p2dg9u9ohc3hw9/gradle-3.3/lib/plugins/commons-cli-1.2.jar
7f1ac9db7000-7f1ac9dbd000 r--s 00031000 08:07 1601720                    /home/ducpm/.gradle/wrapper/dists/gradle-3.3-all/55gk2rcmfc6p2dg9u9ohc3hw9/gradle-3.3/lib/plugins/gradle-plugins-3.3.jar
7f1ac9dbd000-7f1ac9dbf000 r--s 00009000 08:07 1601753                    /home/ducpm/.gradle/wrapper/dists/gradle-3.3-all/55gk2rcmfc6p2dg9u9ohc3hw9/gradle-3.3/lib/plugins/gradle-plugin-development-3.3.jar
7f1ac9dbf000-7f1ac9dc5000 r--s 0002b000 08:07 1601746                    /home/ducpm/.gradle/wrapper/dists/gradle-3.3-all/55gk2rcmfc6p2dg9u9ohc3hw9/gradle-3.3/lib/plugins/gradle-platform-play-3.3.jar
7f1ac9dc5000-7f1ac9dd3000 r--s 00055000 08:07 1601745                    /home/ducpm/.gradle/wrapper/dists/gradle-3.3-all/55gk2rcmfc6p2dg9u9ohc3hw9/gradle-3.3/lib/plugins/gradle-platform-native-3.3.jar
7f1ac9dd3000-7f1ac9dd8000 r--s 0001f000 08:07 1601740                    /home/ducpm/.gradle/wrapper/dists/gradle-3.3-all/55gk2rcmfc6p2dg9u9ohc3hw9/gradle-3.3/lib/plugins/gradle-platform-jvm-3.3.jar
7f1ac9dd8000-7f1ac9de0000 r--s 00027000 08:07 1601739                    /home/ducpm/.gradle/wrapper/dists/gradle-3.3-all/55gk2rcmfc6p2dg9u9ohc3hw9/gradle-3.3/lib/plugins/gradle-platform-base-3.3.jar
7f1ac9de0000-7f1ac9e08000 r--s 0021c000 08:07 1601772                    /home/ducpm/.gradle/wrapper/dists/gradle-3.3-all/55gk2rcmfc6p2dg9u9ohc3hw9/gradle-3.3/lib/plugins/biz.aQute.bndlib-3.2.0.jar
7f1ac9e08000-7f1ac9e0a000 r--s 00003000 08:07 1601724                    /home/ducpm/.gradle/wrapper/dists/gradle-3.3-all/55gk2rcmfc6p2dg9u9ohc3hw9/gradle-3.3/lib/plugins/gradle-osgi-3.3.jar
7f1ac9e0a000-7f1ac9e0d000 r--s 0000c000 08:07 1601775                    /home/ducpm/.gradle/wrapper/dists/gradle-3.3-all/55gk2rcmfc6p2dg9u9ohc3hw9/gradle-3.3/lib/plugins/pmaven-groovy-0.8-20100325.jar
7f1ac9e0d000-7f1ac9e0e000 r--s 00004000 08:07 1601774                    /home/ducpm/.gradle/wrapper/dists/gradle-3.3-all/55gk2rcmfc6p2dg9u9ohc3hw9/gradle-3.3/lib/plugins/pmaven-common-0.8-20100325.jar
7f1ac9e0e000-7f1ac9e14000 r--s 00023000 08:07 1601725                    /home/ducpm/.gradle/wrapper/dists/gradle-3.3-all/55gk2rcmfc6p2dg9u9ohc3hw9/gradle-3.3/lib/plugins/gradle-maven-3.3.jar
7f1ac9e14000-7f1ac9e17000 r--s 0000b000 08:07 1601744                    /home/ducpm/.gradle/wrapper/dists/gradle-3.3-all/55gk2rcmfc6p2dg9u9ohc3hw9/gradle-3.3/lib/plugins/gradle-language-scala-3.3.jar
7f1ac9e17000-7f1ac9e1d000 r--s 0001a000 08:07 1601748                    /home/ducpm/.gradle/wrapper/dists/gradle-3.3-all/55gk2rcmfc6p2dg9u9ohc3hw9/gradle-3.3/lib/plugins/gradle-language-native-3.3.jar
7f1ac9e1d000-7f1ac9e20000 r--s 00005000 08:07 1601741                    /home/ducpm/.gradle/wrapper/dists/gradle-3.3-all/55gk2rcmfc6p2dg9u9ohc3hw9/gradle-3.3/lib/plugins/gradle-language-jvm-3.3.jar
7f1ac9e20000-7f1ac9e26000 r--s 00027000 08:07 1601742                    /home/ducpm/.gradle/wrapper/dists/gradle-3.3-all/55gk2rcmfc6p2dg9u9ohc3hw9/gradle-3.3/lib/plugins/gradle-language-java-3.3.jar
7f1ac9e26000-7f1ac9e28000 r--s 0000a000 08:07 1601743                    /home/ducpm/.gradle/wrapper/dists/gradle-3.3-all/55gk2rcmfc6p2dg9u9ohc3hw9/gradle-3.3/lib/plugins/gradle-language-groovy-3.3.jar
7f1ac9e28000-7f1ac9e2b000 r--s 0001e000 08:07 1601799                    /home/ducpm/.gradle/wrapper/dists/gradle-3.3-all/55gk2rcmfc6p2dg9u9ohc3hw9/gradle-3.3/lib/plugins/jsp-api-2.1-6.1.14.jar
7f1ac9e2b000-7f1ac9e4e000 r--s 00344000 08:07 1601798                    /home/ducpm/.gradle/wrapper/dists/gradle-3.3-all/55gk2rcmfc6p2dg9u9ohc3hw9/gradle-3.3/lib/plugins/core-3.1.1.jar
7f1ac9e4e000-7f1ac9e4f000 r--s 00006000 08:07 1601797                    /home/ducpm/.gradle/wrapper/dists/gradle-3.3-all/55gk2rcmfc6p2dg9u9ohc3hw9/gradle-3.3/lib/plugins/jetty-naming-6.1.26.jar
7f1ac9e4f000-7f1ac9e50000 r--s 00002000 08:07 1601771                    /home/ducpm/.gradle/wrapper/dists/gradle-3.3-all/55gk2rcmfc6p2dg9u9ohc3hw9/gradle-3.3/lib/plugins/geronimo-annotation_1.0_spec-1.0.jar
7f1ac9e50000-7f1ac9e52000 r--s 00002000 08:07 1601770                    /home/ducpm/.gradle/wrapper/dists/gradle-3.3-all/55gk2rcmfc6p2dg9u9ohc3hw9/gradle-3.3/lib/plugins/jetty-annotations-6.1.26.jar
7f1ac9e52000-7f1ac9e63000 r--s 000ea000 08:07 1601769                    /home/ducpm/.gradle/wrapper/dists/gradle-3.3-all/55gk2rcmfc6p2dg9u9ohc3hw9/gradle-3.3/lib/plugins/jsp-2.1-6.1.14.jar
7f1ac9e63000-7f1ac9e65000 r--s 0000d000 08:07 1601768                    /home/ducpm/.gradle/wrapper/dists/gradle-3.3-all/55gk2rcmfc6p2dg9u9ohc3hw9/gradle-3.3/lib/plugins/jetty-plus-6.1.26.jar
7f1ac9e65000-7f1ac9e67000 r--s 0001f000 08:07 1601767                    /home/ducpm/.gradle/wrapper/dists/gradle-3.3-all/55gk2rcmfc6p2dg9u9ohc3hw9/gradle-3.3/lib/plugins/servlet-api-2.5-20081211.jar
7f1ac9e67000-7f1ac9e6b000 r--s 00028000 08:07 1601766                    /home/ducpm/.gradle/wrapper/dists/gradle-3.3-all/55gk2rcmfc6p2dg9u9ohc3hw9/gradle-3.3/lib/plugins/jetty-util-6.1.26.jar
7f1ac9e6b000-7f1ac9e72000 r--s 0007d000 08:07 1601765                    /home/ducpm/.gradle/wrapper/dists/gradle-3.3-all/55gk2rcmfc6p2dg9u9ohc3hw9/gradle-3.3/lib/plugins/jetty-6.1.26.jar
7f1ac9e72000-7f1ac9e74000 r--s 0000a000 08:07 1601722                    /home/ducpm/.gradle/wrapper/dists/gradle-3.3-all/55gk2rcmfc6p2dg9u9ohc3hw9/gradle-3.3/lib/plugins/gradle-jetty-3.3.jar
7f1ac9e74000-7f1ac9e7b000 r--s 00035000 08:07 1601780                    /home/ducpm/.gradle/wrapper/dists/gradle-3.3-all/55gk2rcmfc6p2dg9u9ohc3hw9/gradle-3.3/lib/plugins/simple-4.1.21.jar
7f1ac9e7b000-7f1ac9e87000 r--s 00100000 08:07 1601778                    /home/ducpm/.gradle/wrapper/dists/gradle-3.3-all/55gk2rcmfc6p2dg9u9ohc3hw9/gradle-3.3/lib/plugins/rhino-1.7R3.jar
7f1ac9e87000-7f1ac9e8b000 r--s 00012000 08:07 1601731                    /home/ducpm/.gradle/wrapper/dists/gradle-3.3-all/55gk2rcmfc6p2dg9u9ohc3hw9/gradle-3.3/lib/plugins/gradle-javascript-3.3.jar
7f1ac9e8b000-7f1ac9e8d000 r--s 0000d000 08:07 1601737                    /home/ducpm/.gradle/wrapper/dists/gradle-3.3-all/55gk2rcmfc6p2dg9u9ohc3hw9/gradle-3.3/lib/plugins/gradle-jacoco-3.3.jar
7f1ac9e8d000-7f1ac9e90000 r--s 0000e000 08:07 1601736                    /home/ducpm/.gradle/wrapper/dists/gradle-3.3-all/55gk2rcmfc6p2dg9u9ohc3hw9/gradle-3.3/lib/plugins/gradle-ivy-3.3.jar
7f1ac9e90000-7f1ac9e91000 r--s 00002000 08:07 1601747                    /home/ducpm/.gradle/wrapper/dists/gradle-3.3-all/55gk2rcmfc6p2dg9u9ohc3hw9/gradle-3.3/lib/plugins/gradle-ide-play-3.3.jar
7f1ac9e91000-7f1ac9e94000 r--s 00013000 08:07 1601749                    /home/ducpm/.gradle/wrapper/dists/gradle-3.3-all/55gk2rcmfc6p2dg9u9ohc3hw9/gradle-3.3/lib/plugins/gradle-ide-native-3.3.jar
7f1ac9e94000-7f1ac9e9d000 r--s 00055000 08:07 1601726                    /home/ducpm/.gradle/wrapper/dists/gradle-3.3-all/55gk2rcmfc6p2dg9u9ohc3hw9/gradle-3.3/lib/plugins/gradle-ide-3.3.jar
7f1ac9e9d000-7f1ac9e9f000 r--s 00007000 08:07 1601730                    /home/ducpm/.gradle/wrapper/dists/gradle-3.3-all/55gk2rcmfc6p2dg9u9ohc3hw9/gradle-3.3/lib/plugins/gradle-ear-3.3.jar
7f1ac9e9f000-7f1ac9ea5000 r--s 00039000 08:07 1601733                    /home/ducpm/.gradle/wrapper/dists/gradle-3.3-all/55gk2rcmfc6p2dg9u9ohc3hw9/gradle-3.3/lib/plugins/gradle-diagnostics-3.3.jar
7f1ac9ea5000-7f1ac9ea6000 r--s 00009000 08:07 1601759                    /home/ducpm/.gradle/wrapper/dists/gradle-3.3-all/55gk2rcmfc6p2dg9u9ohc3hw9/gradle-3.3/lib/plugins/gradle-composite-builds-3.3.jar
7f1ac9ea6000-7f1ac9eaa000 r--s 00023000 08:07 1601721                    /home/ducpm/.gradle/wrapper/dists/gradle-3.3-all/55gk2rcmfc6p2dg9u9ohc3hw9/gradle-3.3/lib/plugins/gradle-code-quality-3.3.jar
7f1ac9eaa000-7f1ac9eae000 r--s 00022000 08:07 1601738                    /home/ducpm/.gradle/wrapper/dists/gradle-3.3-all/55gk2rcmfc6p2dg9u9ohc3hw9/gradle-3.3/lib/plugins/gradle-build-init-3.3.jar
7f1ac9eae000-7f1ac9eb4000 r--s 0008e000 08:07 1601732                    /home/ducpm/.gradle/wrapper/dists/gradle-3.3-all/55gk2rcmfc6p2dg9u9ohc3hw9/gradle-3.3/lib/plugins/gradle-build-comparison-3.3.jar
7f1ac9eb4000-7f1ac9eb5000 r--s 00001000 08:07 1601760                    /home/ducpm/.gradle/wrapper/dists/gradle-3.3-all/55gk2rcmfc6p2dg9u9ohc3hw9/gradle-3.3/lib/plugins/gradle-build-cache-http-3.3.jar
7f1ac9eb5000-7f1ac9eb7000 r--s 00008000 08:07 1601723                    /home/ducpm/.gradle/wrapper/dists/gradle-3.3-all/55gk2rcmfc6p2dg9u9ohc3hw9/gradle-3.3/lib/plugins/gradle-antlr-3.3.jar
7f1ac9eb7000-7f1ac9eb9000 r--s 00004000 08:07 1601727                    /home/ducpm/.gradle/wrapper/dists/gradle-3.3-all/55gk2rcmfc6p2dg9u9ohc3hw9/gradle-3.3/lib/plugins/gradle-announce-3.3.jar
7f1ac9eb9000-7f1ac9ed1000 r--s 00115000 08:07 1601829                    /home/ducpm/.gradle/wrapper/dists/gradle-3.3-all/55gk2rcmfc6p2dg9u9ohc3hw9/gradle-3.3/lib/plugins/xercesImpl-2.9.1.jar
7f1ac9ed1000-7f1ac9ed9000 r--s 00028000 08:07 1601830                    /home/ducpm/.gradle/wrapper/dists/gradle-3.3-all/55gk2rcmfc6p2dg9u9ohc3hw9/gradle-3.3/lib/plugins/xml-apis-1.3.04.jar
7f1ac9ed9000-7f1ac9edf000 r--s 0005b000 08:07 1601828                    /home/ducpm/.gradle/wrapper/dists/gradle-3.3-all/55gk2rcmfc6p2dg9u9ohc3hw9/gradle-3.3/lib/plugins/jcifs-1.3.17.jar
7f1ac9edf000-7f1ac9ee5000 r--s 00033000 08:07 1601776                    /home/ducpm/.gradle/wrapper/dists/gradle-3.3-all/55gk2rcmfc6p2dg9u9ohc3hw9/gradle-3.3/lib/plugins/commons-codec-1.6.jar
7f1ac9ee5000-7f1ac9eec000 r--s 00049000 08:07 1601827                    /home/ducpm/.gradle/wrapper/dists/gradle-3.3-all/55gk2rcmfc6p2dg9u9ohc3hw9/gradle-3.3/lib/plugins/httpcore-4.4.4.jar
7f1ac9eec000-7f1ac9eef000 r--s 0001c000 08:07 1601785                    /home/ducpm/.gradle/wrapper/dists/gradle-3.3-all/55gk2rcmfc6p2dg9u9ohc3hw9/gradle-3.3/lib/plugins/nekohtml-1.9.14.jar
7f1ac9eef000-7f1ac9efc000 r--s 000a4000 08:07 1601784                    /home/ducpm/.gradle/wrapper/dists/gradle-3.3-all/55gk2rcmfc6p2dg9u9ohc3hw9/gradle-3.3/lib/plugins/httpclient-4.4.1.jar
7f1ac9efc000-7f1ac9eff000 r--s 0000a000 08:07 1601755                    /home/ducpm/.gradle/wrapper/dists/gradle-3.3-all/55gk2rcmfc6p2dg9u9ohc3hw9/gradle-3.3/lib/plugins/gradle-resources-http-3.3.jar
7f1ac9eff000-7f1ac9f03000 r--s 00015000 08:07 1601754                    /home/ducpm/.gradle/wrapper/dists/gradle-3.3-all/55gk2rcmfc6p2dg9u9ohc3hw9/gradle-3.3/lib/plugins/gradle-plugin-use-3.3.jar
7f1ac9f03000-7f1ac9f04000 r--s 00000000 08:07 1601666                    /home/ducpm/.gradle/wrapper/dists/gradle-3.3-all/55gk2rcmfc6p2dg9u9ohc3hw9/gradle-3.3/lib/gradle-installation-beacon-3.3.jar
7f1ac9f04000-7f1ac9f06000 r--s 00006000 08:07 1601823                    /home/ducpm/.gradle/wrapper/dists/gradle-3.3-all/55gk2rcmfc6p2dg9u9ohc3hw9/gradle-3.3/lib/plugins/aether-connector-wagon-1.13.1.jar
7f1ac9f06000-7f1ac9f0a000 r--s 0001c000 08:07 1601822                    /home/ducpm/.gradle/wrapper/dists/gradle-3.3-all/55gk2rcmfc6p2dg9u9ohc3hw9/gradle-3.3/lib/plugins/aether-util-1.13.1.jar
7f1ac9f0a000-7f1ac9f0b000 r--s 00003000 08:07 1601821                    /home/ducpm/.gradle/wrapper/dists/gradle-3.3-all/55gk2rcmfc6p2dg9u9ohc3hw9/gradle-3.3/lib/plugins/aether-spi-1.13.1.jar
7f1ac9f0b000-7f1ac9f0e000 r--s 0001d000 08:07 1601820                    /home/ducpm/.gradle/wrapper/dists/gradle-3.3-all/55gk2rcmfc6p2dg9u9ohc3hw9/gradle-3.3/lib/plugins/aether-impl-1.13.1.jar
7f1ac9f0e000-7f1ac9f11000 r--s 00013000 08:07 1601819                    /home/ducpm/.gradle/wrapper/dists/gradle-3.3-all/55gk2rcmfc6p2dg9u9ohc3hw9/gradle-3.3/lib/plugins/aether-api-1.13.1.jar
7f1ac9f11000-7f1ac9f12000 r--s 00007000 08:07 1601818                    /home/ducpm/.gradle/wrapper/dists/gradle-3.3-all/55gk2rcmfc6p2dg9u9ohc3hw9/gradle-3.3/lib/plugins/wagon-http-shared4-2.4.jar
7f1ac9f12000-7f1ac9f14000 r--s 0000b000 08:07 1601817                    /home/ducpm/.gradle/wrapper/dists/gradle-3.3-all/55gk2rcmfc6p2dg9u9ohc3hw9/gradle-3.3/lib/plugins/wagon-provider-api-2.4.jar
7f1ac9f14000-7f1ac9f15000 r--s 00002000 08:07 1601816                    /home/ducpm/.gradle/wrapper/dists/gradle-3.3-all/55gk2rcmfc6p2dg9u9ohc3hw9/gradle-3.3/lib/plugins/wagon-http-2.4.jar
7f1ac9f15000-7f1ac9f16000 r--s 00002000 08:07 1601815                    /home/ducpm/.gradle/wrapper/dists/gradle-3.3-all/55gk2rcmfc6p2dg9u9ohc3hw9/gradle-3.3/lib/plugins/wagon-file-2.4.jar
7f1ac9f16000-7f1ac9f18000 r--s 0000c000 08:07 1601814                    /home/ducpm/.gradle/wrapper/dists/gradle-3.3-all/55gk2rcmfc6p2dg9u9ohc3hw9/gradle-3.3/lib/plugins/maven-aether-provider-3.0.4.jar
7f1ac9f18000-7f1ac9f1a000 r--s 0000b000 08:07 1601813                    /home/ducpm/.gradle/wrapper/dists/gradle-3.3-all/55gk2rcmfc6p2dg9u9ohc3hw9/gradle-3.3/lib/plugins/maven-plugin-api-3.0.4.jar
7f1ac9f1a000-7f1ac9f1c000 r--s 00006000 08:07 1601812                    /home/ducpm/.gradle/wrapper/dists/gradle-3.3-all/55gk2rcmfc6p2dg9u9ohc3hw9/gradle-3.3/lib/plugins/maven-repository-metadata-3.0.4.jar
7f1ac9f1c000-7f1ac9f1e000 r--s 0000b000 08:07 1601811                    /home/ducpm/.gradle/wrapper/dists/gradle-3.3-all/55gk2rcmfc6p2dg9u9ohc3hw9/gradle-3.3/lib/plugins/maven-artifact-3.0.4.jar
7f1ac9f1e000-7f1ac9f20000 r--s 00026000 08:07 1601810                    /home/ducpm/.gradle/wrapper/dists/gradle-3.3-all/55gk2rcmfc6p2dg9u9ohc3hw9/gradle-3.3/lib/plugins/maven-model-3.0.4.jar
7f1ac9f20000-7f1ac9f24000 r--s 00021000 08:07 1601809                    /home/ducpm/.gradle/wrapper/dists/gradle-3.3-all/55gk2rcmfc6p2dg9u9ohc3hw9/gradle-3.3/lib/plugins/maven-model-builder-3.0.4.jar
7f1ac9f24000-7f1ac9f2a000 r--s 0003f000 08:07 1601808                    /home/ducpm/.gradle/wrapper/dists/gradle-3.3-all/55gk2rcmfc6p2dg9u9ohc3hw9/gradle-3.3/lib/plugins/maven-compat-3.0.4.jar
7f1ac9f2a000-7f1ac9f2c000 r--s 00002000 08:07 1601806                    /home/ducpm/.gradle/wrapper/dists/gradle-3.3-all/55gk2rcmfc6p2dg9u9ohc3hw9/gradle-3.3/lib/plugins/plexus-cipher-1.7.jar
7f1ac9f2c000-7f1ac9f2e000 r--s 0000a000 08:07 1601805                    /home/ducpm/.gradle/wrapper/dists/gradle-3.3-all/55gk2rcmfc6p2dg9u9ohc3hw9/gradle-3.3/lib/plugins/plexus-classworlds-2.4.jar
7f1ac9f2e000-7f1ac9f35000 r--s 0002e000 08:07 1601804                    /home/ducpm/.gradle/wrapper/dists/gradle-3.3-all/55gk2rcmfc6p2dg9u9ohc3hw9/gradle-3.3/lib/plugins/plexus-container-default-1.5.5.jar
7f1ac9f35000-7f1ac9f37000 r--s 00000000 08:07 1601831                    /home/ducpm/.gradle/wrapper/dists/gradle-3.3-all/55gk2rcmfc6p2dg9u9ohc3hw9/gradle-3.3/lib/plugins/plexus-component-annotations-1.5.5.jar
7f1ac9f37000-7f1ac9f39000 r--s 0000d000 08:07 1601803                    /home/ducpm/.gradle/wrapper/dists/gradle-3.3-all/55gk2rcmfc6p2dg9u9ohc3hw9/gradle-3.3/lib/plugins/plexus-interpolation-1.14.jar
7f1ac9f39000-7f1ac9f3d000 r--s 00033000 08:07 1601802                    /home/ducpm/.gradle/wrapper/dists/gradle-3.3-all/55gk2rcmfc6p2dg9u9ohc3hw9/gradle-3.3/lib/plugins/plexus-utils-2.0.6.jar
7f1ac9f3d000-7f1ac9f40000 r--s 00008000 08:07 1601801                    /home/ducpm/.gradle/wrapper/dists/gradle-3.3-all/55gk2rcmfc6p2dg9u9ohc3hw9/gradle-3.3/lib/plugins/maven-settings-builder-3.0.4.jar
7f1ac9f40000-7f1ac9f45000 r--s 00040000 08:07 1601786                    /home/ducpm/.gradle/wrapper/dists/gradle-3.3-all/55gk2rcmfc6p2dg9u9ohc3hw9/gradle-3.3/lib/plugins/jsch-0.1.53.jar
7f1ac9f45000-7f1ac9f85000 r--s 00277000 08:07 1601796                    /home/ducpm/.gradle/wrapper/dists/gradle-3.3-all/55gk2rcmfc6p2dg9u9ohc3hw9/gradle-3.3/lib/plugins/bcprov-jdk15on-1.51.jar
7f1ac9f85000-7f1ac9f91000 r--s 0007d000 08:07 1601773                    /home/ducpm/.gradle/wrapper/dists/gradle-3.3-all/55gk2rcmfc6p2dg9u9ohc3hw9/gradle-3.3/lib/plugins/maven-core-3.0.4.jar
7f1ac9f91000-7f1ac9fb0000 r--s 000f6000 08:07 1601762                    /home/ducpm/.gradle/wrapper/dists/gradle-3.3-all/55gk2rcmfc6p2dg9u9ohc3hw9/gradle-3.3/lib/plugins/gradle-dependency-management-3.3.jar
7f1ac9fb0000-7f1ac9fc6000 r-xp 00000000 08:07 1182417                    /lib/x86_64-linux-gnu/libgcc_s.so.1
7f1ac9fc6000-7f1aca1c5000 ---p 00016000 08:07 1182417                    /lib/x86_64-linux-gnu/libgcc_s.so.1
7f1aca1c5000-7f1aca1c6000 rw-p 00015000 08:07 1182417                    /lib/x86_64-linux-gnu/libgcc_s.so.1
7f1aca1c6000-7f1aca338000 r-xp 00000000 08:07 915832                     /usr/lib/x86_64-linux-gnu/libstdc++.so.6.0.21
7f1aca338000-7f1aca538000 ---p 00172000 08:07 915832                     /usr/lib/x86_64-linux-gnu/libstdc++.so.6.0.21
7f1aca538000-7f1aca542000 r--p 00172000 08:07 915832                     /usr/lib/x86_64-linux-gnu/libstdc++.so.6.0.21
7f1aca542000-7f1aca544000 rw-p 0017c000 08:07 915832                     /usr/lib/x86_64-linux-gnu/libstdc++.so.6.0.21
7f1aca544000-7f1aca548000 rw-p 00000000 00:00 0 
7f1aca548000-7f1aca549000 r--s 00006000 08:07 1601807                    /home/ducpm/.gradle/wrapper/dists/gradle-3.3-all/55gk2rcmfc6p2dg9u9ohc3hw9/gradle-3.3/lib/plugins/plexus-sec-dispatcher-1.3.jar
7f1aca549000-7f1aca54b000 r--s 0000a000 08:07 1601800                    /home/ducpm/.gradle/wrapper/dists/gradle-3.3-all/55gk2rcmfc6p2dg9u9ohc3hw9/gradle-3.3/lib/plugins/maven-settings-3.0.4.jar
7f1aca54b000-7f1aca54f000 r--s 0001d000 08:07 1601795                    /home/ducpm/.gradle/wrapper/dists/gradle-3.3-all/55gk2rcmfc6p2dg9u9ohc3hw9/gradle-3.3/lib/plugins/xbean-reflect-3.4.jar
7f1aca54f000-7f1aca554000 r--s 00034000 08:07 1601779                    /home/ducpm/.gradle/wrapper/dists/gradle-3.3-all/55gk2rcmfc6p2dg9u9ohc3hw9/gradle-3.3/lib/plugins/gson-2.7.jar
7f1aca554000-7f1aca563000 r--s 000d9000 08:07 1601794                    /home/ducpm/.gradle/wrapper/dists/gradle-3.3-all/55gk2rcmfc6p2dg9u9ohc3hw9/gradle-3.3/lib/plugins/ivy-2.2.0.jar
7f1aca563000-7f1aca565000 r--s 00005000 08:07 1601761                    /home/ducpm/.gradle/wrapper/dists/gradle-3.3-all/55gk2rcmfc6p2dg9u9ohc3hw9/gradle-3.3/lib/plugins/gradle-workers-3.3.jar
7f1aca565000-7f1aca56a000 r-xp 00000000 08:07 1603180                    /home/ducpm/.gradle/native/23/linux-amd64/libnative-platform.so
7f1aca56a000-7f1aca769000 ---p 00005000 08:07 1603180                    /home/ducpm/.gradle/native/23/linux-amd64/libnative-platform.so
7f1aca769000-7f1aca76a000 rw-p 00004000 08:07 1603180                    /home/ducpm/.gradle/native/23/linux-amd64/libnative-platform.so
7f1aca76a000-7f1aca77b000 r-xp 00000000 08:07 1599344                    /usr/local/android-studio/jre/jre/lib/amd64/libnio.so
7f1aca77b000-7f1aca97a000 ---p 00011000 08:07 1599344                    /usr/local/android-studio/jre/jre/lib/amd64/libnio.so
7f1aca97a000-7f1aca97b000 r--p 00010000 08:07 1599344                    /usr/local/android-studio/jre/jre/lib/amd64/libnio.so
7f1aca97b000-7f1aca97c000 rw-p 00011000 08:07 1599344                    /usr/local/android-studio/jre/jre/lib/amd64/libnio.so
7f1aca97c000-7f1acac7d000 rw-p 00000000 00:00 0 
7f1acac7d000-7f1acac94000 r-xp 00000000 08:07 1599343                    /usr/local/android-studio/jre/jre/lib/amd64/libnet.so
7f1acac94000-7f1acae93000 ---p 00017000 08:07 1599343                    /usr/local/android-studio/jre/jre/lib/amd64/libnet.so
7f1acae93000-7f1acae94000 r--p 00016000 08:07 1599343                    /usr/local/android-studio/jre/jre/lib/amd64/libnet.so
7f1acae94000-7f1acae95000 rw-p 00017000 08:07 1599343                    /usr/local/android-studio/jre/jre/lib/amd64/libnet.so
7f1acae95000-7f1acae96000 r--s 00006000 08:07 1601665                    /home/ducpm/.gradle/wrapper/dists/gradle-3.3-all/55gk2rcmfc6p2dg9u9ohc3hw9/gradle-3.3/lib/gradle-wrapper-3.3.jar
7f1acae96000-7f1acaea3000 r--s 00041000 08:07 1601672                    /home/ducpm/.gradle/wrapper/dists/gradle-3.3-all/55gk2rcmfc6p2dg9u9ohc3hw9/gradle-3.3/lib/gradle-tooling-api-3.3.jar
7f1acaea3000-7f1acaea5000 r--s 00002000 08:07 1601692                    /home/ducpm/.gradle/wrapper/dists/gradle-3.3-all/55gk2rcmfc6p2dg9u9ohc3hw9/gradle-3.3/lib/gradle-open-api-3.3.jar
7f1acaea5000-7f1acaeab000 r--s 00032000 08:07 1601694                    /home/ducpm/.gradle/wrapper/dists/gradle-3.3-all/55gk2rcmfc6p2dg9u9ohc3hw9/gradle-3.3/lib/jaxen-1.1.jar
7f1acaeab000-7f1acaeb0000 r--s 00048000 08:07 1601693                    /home/ducpm/.gradle/wrapper/dists/gradle-3.3-all/55gk2rcmfc6p2dg9u9ohc3hw9/gradle-3.3/lib/dom4j-1.6.1.jar
7f1acaeb0000-7f1acaebb000 r--s 00059000 08:07 1601671                    /home/ducpm/.gradle/wrapper/dists/gradle-3.3-all/55gk2rcmfc6p2dg9u9ohc3hw9/gradle-3.3/lib/gradle-ui-3.3.jar
7f1acaebb000-7f1acaec4000 r--s 0008c000 08:07 1601663                    /home/ducpm/.gradle/wrapper/dists/gradle-3.3-all/55gk2rcmfc6p2dg9u9ohc3hw9/gradle-3.3/lib/kotlin-stdlib-1.1-M02.jar
7f1acaec4000-7f1acaeca000 r--s 0002a000 08:07 1601662                    /home/ducpm/.gradle/wrapper/dists/gradle-3.3-all/55gk2rcmfc6p2dg9u9ohc3hw9/gradle-3.3/lib/kotlin-runtime-1.1-M02.jar
7f1acaeca000-7f1acaefe000 r--s 00256000 08:07 1601661                    /home/ducpm/.gradle/wrapper/dists/gradle-3.3-all/55gk2rcmfc6p2dg9u9ohc3hw9/gradle-3.3/lib/kotlin-reflect-1.1-M02.jar
7f1acaefe000-7f1acb094000 r--s 0157e000 08:07 1601660                    /home/ducpm/.gradle/wrapper/dists/gradle-3.3-all/55gk2rcmfc6p2dg9u9ohc3hw9/gradle-3.3/lib/kotlin-compiler-embeddable-1.1-M02.jar
7f1acb094000-7f1acb09c000 r--s 0004e000 08:07 1601659                    /home/ducpm/.gradle/wrapper/dists/gradle-3.3-all/55gk2rcmfc6p2dg9u9ohc3hw9/gradle-3.3/lib/gradle-script-kotlin-0.5.1.jar
7f1acb09c000-7f1acb09f000 r--s 0000b000 08:07 1601690                    /home/ducpm/.gradle/wrapper/dists/gradle-3.3-all/55gk2rcmfc6p2dg9u9ohc3hw9/gradle-3.3/lib/gradle-resources-3.3.jar
7f1acb09f000-7f1acb0a1000 r--s 00003000 08:07 1601699                    /home/ducpm/.gradle/wrapper/dists/gradle-3.3-all/55gk2rcmfc6p2dg9u9ohc3hw9/gradle-3.3/lib/jcl-over-slf4j-1.7.10.jar
7f1acb0a1000-7f1acb0a2000 r--s 00005000 08:07 1601698                    /home/ducpm/.gradle/wrapper/dists/gradle-3.3-all/55gk2rcmfc6p2dg9u9ohc3hw9/gradle-3.3/lib/log4j-over-slf4j-1.7.10.jar
7f1acb0a2000-7f1acb0a4000 r--s 00000000 08:07 1601697                    /home/ducpm/.gradle/wrapper/dists/gradle-3.3-all/55gk2rcmfc6p2dg9u9ohc3hw9/gradle-3.3/lib/jul-to-slf4j-1.7.10.jar
7f1acb0a4000-7f1acb0a9000 r--s 0001e000 08:07 1601674                    /home/ducpm/.gradle/wrapper/dists/gradle-3.3-all/55gk2rcmfc6p2dg9u9ohc3hw9/gradle-3.3/lib/gradle-logging-3.3.jar
7f1acb0a9000-7f1acb0ab000 r--s 00007000 08:07 1601718                    /home/ducpm/.gradle/wrapper/dists/gradle-3.3-all/55gk2rcmfc6p2dg9u9ohc3hw9/gradle-3.3/lib/objenesis-1.2.jar
7f1acb0ab000-7f1acb0ad000 r--s 00000000 08:07 1601717                    /home/ducpm/.gradle/wrapper/dists/gradle-3.3-all/55gk2rcmfc6p2dg9u9ohc3hw9/gradle-3.3/lib/minlog-1.2.jar
7f1acb0ad000-7f1acb0af000 r--s 0000f000 08:07 1601716                    /home/ducpm/.gradle/wrapper/dists/gradle-3.3-all/55gk2rcmfc6p2dg9u9ohc3hw9/gradle-3.3/lib/reflectasm-1.07-shaded.jar
7f1acb0af000-7f1acb0b3000 r--s 00026000 08:07 1601701                    /home/ducpm/.gradle/wrapper/dists/gradle-3.3-all/55gk2rcmfc6p2dg9u9ohc3hw9/gradle-3.3/lib/kryo-2.20.jar
7f1acb0b3000-7f1acb0b9000 r--s 00027000 08:07 1601689                    /home/ducpm/.gradle/wrapper/dists/gradle-3.3-all/55gk2rcmfc6p2dg9u9ohc3hw9/gradle-3.3/lib/gradle-messaging-3.3.jar
7f1acb0b9000-7f1acb0ba000 r--s 00001000 08:07 1601715                    /home/ducpm/.gradle/wrapper/dists/gradle-3.3-all/55gk2rcmfc6p2dg9u9ohc3hw9/gradle-3.3/lib/native-platform-linux-i386-ncurses6-0.12.jar
7f1acb0ba000-7f1acb0bb000 r--s 00001000 08:07 1601714                    /home/ducpm/.gradle/wrapper/dists/gradle-3.3-all/55gk2rcmfc6p2dg9u9ohc3hw9/gradle-3.3/lib/native-platform-linux-i386-ncurses5-0.12.jar
7f1acb0bb000-7f1acb0bc000 r--s 00001000 08:07 1601713                    /home/ducpm/.gradle/wrapper/dists/gradle-3.3-all/55gk2rcmfc6p2dg9u9ohc3hw9/gradle-3.3/lib/native-platform-linux-amd64-ncurses6-0.12.jar
7f1acb0bc000-7f1acb0bd000 r--s 00001000 08:07 1601712                    /home/ducpm/.gradle/wrapper/dists/gradle-3.3-all/55gk2rcmfc6p2dg9u9ohc3hw9/gradle-3.3/lib/native-platform-linux-amd64-ncurses5-0.12.jar
7f1acb0bd000-7f1acb0be000 r--s 0000b000 08:07 1601711                    /home/ducpm/.gradle/wrapper/dists/gradle-3.3-all/55gk2rcmfc6p2dg9u9ohc3hw9/gradle-3.3/lib/native-platform-windows-i386-0.12.jar
7f1acb0be000-7f1acb0c0000 r--s 0000b000 08:07 1601710                    /home/ducpm/.gradle/wrapper/dists/gradle-3.3-all/55gk2rcmfc6p2dg9u9ohc3hw9/gradle-3.3/lib/native-platform-windows-amd64-0.12.jar
7f1acb0c0000-7f1acb0c2000 r--s 00002000 08:07 1601709                    /home/ducpm/.gradle/wrapper/dists/gradle-3.3-all/55gk2rcmfc6p2dg9u9ohc3hw9/gradle-3.3/lib/native-platform-osx-i386-0.12.jar
7f1acb0c2000-7f1acb0c3000 r--s 00002000 08:07 1601708                    /home/ducpm/.gradle/wrapper/dists/gradle-3.3-all/55gk2rcmfc6p2dg9u9ohc3hw9/gradle-3.3/lib/native-platform-osx-amd64-0.12.jar
7f1acb0c3000-7f1acb0c4000 r--s 00002000 08:07 1601707                    /home/ducpm/.gradle/wrapper/dists/gradle-3.3-all/55gk2rcmfc6p2dg9u9ohc3hw9/gradle-3.3/lib/native-platform-linux-i386-0.12.jar
7f1acb0c4000-7f1acb0c5000 r--s 00002000 08:07 1601706                    /home/ducpm/.gradle/wrapper/dists/gradle-3.3-all/55gk2rcmfc6p2dg9u9ohc3hw9/gradle-3.3/lib/native-platform-linux-amd64-0.12.jar
7f1acb0c5000-7f1acb0c6000 r--s 00003000 08:07 1601705                    /home/ducpm/.gradle/wrapper/dists/gradle-3.3-all/55gk2rcmfc6p2dg9u9ohc3hw9/gradle-3.3/lib/native-platform-freebsd-i386-libstdcpp-0.12.jar
7f1acb0c6000-7f1acb0c8000 r--s 00003000 08:07 1601703                    /home/ducpm/.gradle/wrapper/dists/gradle-3.3-all/55gk2rcmfc6p2dg9u9ohc3hw9/gradle-3.3/lib/native-platform-freebsd-amd64-libstdcpp-0.12.jar
7f1acb0c8000-7f1acb0d7000 r--s 0007f000 08:07 1601680                    /home/ducpm/.gradle/wrapper/dists/gradle-3.3-all/55gk2rcmfc6p2dg9u9ohc3hw9/gradle-3.3/lib/gradle-model-core-3.3.jar
7f1acb0d7000-7f1acb147000 r--s 00641000 08:07 1601679                    /home/ducpm/.gradle/wrapper/dists/gradle-3.3-all/55gk2rcmfc6p2dg9u9ohc3hw9/gradle-3.3/lib/groovy-all-2.4.7.jar
7f1acb147000-7f1acb16f000 r--s 001cf000 08:07 1601676                    /home/ducpm/.gradle/wrapper/dists/gradle-3.3-all/55gk2rcmfc6p2dg9u9ohc3hw9/gradle-3.3/lib/guava-jdk5-17.0.jar
7f1acb16f000-7f1acb18e000 r--s 001d1000 08:07 1601683                    /home/ducpm/.gradle/wrapper/dists/gradle-3.3-all/55gk2rcmfc6p2dg9u9ohc3hw9/gradle-3.3/lib/ant-1.9.6.jar
7f1acb18e000-7f1acb18f000 ---p 00000000 00:00 0 
7f1acb18f000-7f1acb28f000 rw-p 00000000 00:00 0 
7f1acb28f000-7f1acb292000 ---p 00000000 00:00 0 
7f1acb292000-7f1acb390000 rw-p 00000000 00:00 0 
7f1acb390000-7f1acb393000 ---p 00000000 00:00 0 
7f1acb393000-7f1acb491000 rw-p 00000000 00:00 0 
7f1acb491000-7f1acb494000 ---p 00000000 00:00 0 
7f1acb494000-7f1acb592000 rw-p 00000000 00:00 0 
7f1acb592000-7f1acb595000 ---p 00000000 00:00 0 
7f1acb595000-7f1acb693000 rw-p 00000000 00:00 0 
7f1acb693000-7f1acb696000 ---p 00000000 00:00 0 
7f1acb696000-7f1acb794000 rw-p 00000000 00:00 0 
7f1acb794000-7f1acbc1f000 r--p 00000000 08:07 938617                     /usr/lib/locale/locale-archive
7f1acbc1f000-7f1acbc22000 ---p 00000000 00:00 0 
7f1acbc22000-7f1acbd20000 rw-p 00000000 00:00 0 
7f1acbd20000-7f1acbd23000 ---p 00000000 00:00 0 
7f1acbd23000-7f1acbe21000 rw-p 00000000 00:00 0 
7f1acbe21000-7f1acbe22000 ---p 00000000 00:00 0 
7f1acbe22000-7f1acce31000 rw-p 00000000 00:00 0 
7f1acce31000-7f1acd000000 r--s 03c1b000 08:07 1599311                    /usr/local/android-studio/jre/jre/lib/rt.jar
7f1acd000000-7f1ad0000000 rw-p 00000000 00:00 0 
7f1ad0000000-7f1ad003b000 rw-p 00000000 00:00 0 
7f1ad003b000-7f1ad4000000 ---p 00000000 00:00 0 
7f1ad4000000-7f1ad4052000 rw-p 00000000 00:00 0 
7f1ad4052000-7f1ad8000000 ---p 00000000 00:00 0 
7f1ad8000000-7f1ad8021000 rw-p 00000000 00:00 0 
7f1ad8021000-7f1adc000000 ---p 00000000 00:00 0 
7f1adc000000-7f1adc021000 rw-p 00000000 00:00 0 
7f1adc021000-7f1ae0000000 ---p 00000000 00:00 0 
7f1ae0000000-7f1ae0001000 r--s 00004000 08:07 1601704                    /home/ducpm/.gradle/wrapper/dists/gradle-3.3-all/55gk2rcmfc6p2dg9u9ohc3hw9/gradle-3.3/lib/native-platform-freebsd-i386-libcpp-0.12.jar
7f1ae0001000-7f1ae0002000 r--s 00004000 08:07 1601702                    /home/ducpm/.gradle/wrapper/dists/gradle-3.3-all/55gk2rcmfc6p2dg9u9ohc3hw9/gradle-3.3/lib/native-platform-freebsd-amd64-libcpp-0.12.jar
7f1ae0002000-7f1ae0005000 r--s 00023000 08:07 1601696                    /home/ducpm/.gradle/wrapper/dists/gradle-3.3-all/55gk2rcmfc6p2dg9u9ohc3hw9/gradle-3.3/lib/jansi-1.14.jar
7f1ae0005000-7f1ae0009000 r--s 00011000 08:07 1601695                    /home/ducpm/.gradle/wrapper/dists/gradle-3.3-all/55gk2rcmfc6p2dg9u9ohc3hw9/gradle-3.3/lib/native-platform-0.12.jar
7f1ae0009000-7f1ae000c000 r--s 0000a000 08:07 1601673                    /home/ducpm/.gradle/wrapper/dists/gradle-3.3-all/55gk2rcmfc6p2dg9u9ohc3hw9/gradle-3.3/lib/gradle-native-3.3.jar
7f1ae000c000-7f1ae000e000 r--s 00005000 08:07 1601670                    /home/ducpm/.gradle/wrapper/dists/gradle-3.3-all/55gk2rcmfc6p2dg9u9ohc3hw9/gradle-3.3/lib/gradle-cli-3.3.jar
7f1ae000e000-7f1ae004b000 r--s 001f8000 08:07 1601669                    /home/ducpm/.gradle/wrapper/dists/gradle-3.3-all/55gk2rcmfc6p2dg9u9ohc3hw9/gradle-3.3/lib/gradle-core-3.3.jar
7f1ae004b000-7f1ae0bfc000 rw-p 00000000 00:00 0 
7f1ae0bfc000-7f1ae0bfd000 ---p 00000000 00:00 0 
7f1ae0bfd000-7f1ae0cfd000 rw-p 00000000 00:00 0 
7f1ae0cfd000-7f1ae0cfe000 ---p 00000000 00:00 0 
7f1ae0cfe000-7f1ae0dfe000 rw-p 00000000 00:00 0 
7f1ae0dfe000-7f1ae0dff000 ---p 00000000 00:00 0 
7f1ae0dff000-7f1ae0eff000 rw-p 00000000 00:00 0 
7f1ae0eff000-7f1ae0f00000 ---p 00000000 00:00 0 
7f1ae0f00000-7f1ae1000000 rw-p 00000000 00:00 0 
7f1ae1000000-7f1ae4260000 rwxp 00000000 00:00 0 
7f1ae4260000-7f1af0000000 ---p 00000000 00:00 0 
7f1af0000000-7f1af0d86000 rw-p 00000000 00:00 0 
7f1af0d86000-7f1af4000000 ---p 00000000 00:00 0 
7f1af4000000-7f1af4002000 r--s 00007000 08:07 1601681                    /home/ducpm/.gradle/wrapper/dists/gradle-3.3-all/55gk2rcmfc6p2dg9u9ohc3hw9/gradle-3.3/lib/gradle-model-groovy-3.3.jar
7f1af4002000-7f1af4004000 r--s 00006000 08:07 1601688                    /home/ducpm/.gradle/wrapper/dists/gradle-3.3-all/55gk2rcmfc6p2dg9u9ohc3hw9/gradle-3.3/lib/gradle-base-services-groovy-3.3.jar
7f1af4004000-7f1af4005000 r--s 00002000 08:07 1601691                    /home/ducpm/.gradle/wrapper/dists/gradle-3.3-all/55gk2rcmfc6p2dg9u9ohc3hw9/gradle-3.3/lib/gradle-docs-3.3.jar
7f1af4005000-7f1af4012000 r--s 00083000 08:07 1601684                    /home/ducpm/.gradle/wrapper/dists/gradle-3.3-all/55gk2rcmfc6p2dg9u9ohc3hw9/gradle-3.3/lib/commons-collections-3.2.2.jar
7f1af4012000-7f1af4146000 rw-p 00000000 00:00 0 
7f1af4146000-7f1af42a9000 ---p 00000000 00:00 0 
7f1af42a9000-7f1af4346000 rw-p 00000000 00:00 0 
7f1af4346000-7f1af44a9000 ---p 00000000 00:00 0 
7f1af44a9000-7f1af45a9000 rw-p 00000000 00:00 0 
7f1af45a9000-7f1af4674000 rw-p 00000000 00:00 0 
7f1af4674000-7f1af496a000 ---p 00000000 00:00 0 
7f1af496a000-7f1af4984000 r-xp 00000000 08:07 1599328                    /usr/local/android-studio/jre/jre/lib/amd64/libzip.so
7f1af4984000-7f1af4b84000 ---p 0001a000 08:07 1599328                    /usr/local/android-studio/jre/jre/lib/amd64/libzip.so
7f1af4b84000-7f1af4b85000 r--p 0001a000 08:07 1599328                    /usr/local/android-studio/jre/jre/lib/amd64/libzip.so
7f1af4b85000-7f1af4b86000 rw-p 0001b000 08:07 1599328                    /usr/local/android-studio/jre/jre/lib/amd64/libzip.so
7f1af4b86000-7f1af4b91000 r-xp 00000000 08:07 1203702                    /lib/x86_64-linux-gnu/libnss_files-2.23.so
7f1af4b91000-7f1af4d90000 ---p 0000b000 08:07 1203702                    /lib/x86_64-linux-gnu/libnss_files-2.23.so
7f1af4d90000-7f1af4d91000 r--p 0000a000 08:07 1203702                    /lib/x86_64-linux-gnu/libnss_files-2.23.so
7f1af4d91000-7f1af4d92000 rw-p 0000b000 08:07 1203702                    /lib/x86_64-linux-gnu/libnss_files-2.23.so
7f1af4d92000-7f1af4d98000 rw-p 00000000 00:00 0 
7f1af4d98000-7f1af4da3000 r-xp 00000000 08:07 1205362                    /lib/x86_64-linux-gnu/libnss_nis-2.23.so
7f1af4da3000-7f1af4fa2000 ---p 0000b000 08:07 1205362                    /lib/x86_64-linux-gnu/libnss_nis-2.23.so
7f1af4fa2000-7f1af4fa3000 r--p 0000a000 08:07 1205362                    /lib/x86_64-linux-gnu/libnss_nis-2.23.so
7f1af4fa3000-7f1af4fa4000 rw-p 0000b000 08:07 1205362                    /lib/x86_64-linux-gnu/libnss_nis-2.23.so
7f1af4fa4000-7f1af4fba000 r-xp 00000000 08:07 1201101                    /lib/x86_64-linux-gnu/libnsl-2.23.so
7f1af4fba000-7f1af51b9000 ---p 00016000 08:07 1201101                    /lib/x86_64-linux-gnu/libnsl-2.23.so
7f1af51b9000-7f1af51ba000 r--p 00015000 08:07 1201101                    /lib/x86_64-linux-gnu/libnsl-2.23.so
7f1af51ba000-7f1af51bb000 rw-p 00016000 08:07 1201101                    /lib/x86_64-linux-gnu/libnsl-2.23.so
7f1af51bb000-7f1af51bd000 rw-p 00000000 00:00 0 
7f1af51bd000-7f1af51c5000 r-xp 00000000 08:07 1205383                    /lib/x86_64-linux-gnu/libnss_compat-2.23.so
7f1af51c5000-7f1af53c4000 ---p 00008000 08:07 1205383                    /lib/x86_64-linux-gnu/libnss_compat-2.23.so
7f1af53c4000-7f1af53c5000 r--p 00007000 08:07 1205383                    /lib/x86_64-linux-gnu/libnss_compat-2.23.so
7f1af53c5000-7f1af53c6000 rw-p 00008000 08:07 1205383                    /lib/x86_64-linux-gnu/libnss_compat-2.23.so
7f1af53c6000-7f1af53f3000 r-xp 00000000 08:07 1599346                    /usr/local/android-studio/jre/jre/lib/amd64/libjava.so
7f1af53f3000-7f1af55f2000 ---p 0002d000 08:07 1599346                    /usr/local/android-studio/jre/jre/lib/amd64/libjava.so
7f1af55f2000-7f1af55f3000 r--p 0002c000 08:07 1599346                    /usr/local/android-studio/jre/jre/lib/amd64/libjava.so
7f1af55f3000-7f1af55f5000 rw-p 0002d000 08:07 1599346                    /usr/local/android-studio/jre/jre/lib/amd64/libjava.so
7f1af55f5000-7f1af5605000 r-xp 00000000 08:07 1599317                    /usr/local/android-studio/jre/jre/lib/amd64/libverify.so
7f1af5605000-7f1af5804000 ---p 00010000 08:07 1599317                    /usr/local/android-studio/jre/jre/lib/amd64/libverify.so
7f1af5804000-7f1af5806000 r--p 0000f000 08:07 1599317                    /usr/local/android-studio/jre/jre/lib/amd64/libverify.so
7f1af5806000-7f1af5807000 rw-p 00011000 08:07 1599317                    /usr/local/android-studio/jre/jre/lib/amd64/libverify.so
7f1af5807000-7f1af580e000 r-xp 00000000 08:07 1205366                    /lib/x86_64-linux-gnu/librt-2.23.so
7f1af580e000-7f1af5a0d000 ---p 00007000 08:07 1205366                    /lib/x86_64-linux-gnu/librt-2.23.so
7f1af5a0d000-7f1af5a0e000 r--p 00006000 08:07 1205366                    /lib/x86_64-linux-gnu/librt-2.23.so
7f1af5a0e000-7f1af5a0f000 rw-p 00007000 08:07 1205366                    /lib/x86_64-linux-gnu/librt-2.23.so
7f1af5a0f000-7f1af5b17000 r-xp 00000000 08:07 1205393                    /lib/x86_64-linux-gnu/libm-2.23.so
7f1af5b17000-7f1af5d16000 ---p 00108000 08:07 1205393                    /lib/x86_64-linux-gnu/libm-2.23.so
7f1af5d16000-7f1af5d17000 r--p 00107000 08:07 1205393                    /lib/x86_64-linux-gnu/libm-2.23.so
7f1af5d17000-7f1af5d18000 rw-p 00108000 08:07 1205393                    /lib/x86_64-linux-gnu/libm-2.23.so
7f1af5d18000-7f1af6909000 r-xp 00000000 08:07 1599326                    /usr/local/android-studio/jre/jre/lib/amd64/server/libjvm.so
7f1af6909000-7f1af6b09000 ---p 00bf1000 08:07 1599326                    /usr/local/android-studio/jre/jre/lib/amd64/server/libjvm.so
7f1af6b09000-7f1af6ba8000 r--p 00bf1000 08:07 1599326                    /usr/local/android-studio/jre/jre/lib/amd64/server/libjvm.so
7f1af6ba8000-7f1af6bd1000 rw-p 00c90000 08:07 1599326                    /usr/local/android-studio/jre/jre/lib/amd64/server/libjvm.so
7f1af6bd1000-7f1af6c15000 rw-p 00000000 00:00 0 
7f1af6c15000-7f1af6c2d000 r-xp 00000000 08:07 1205354                    /lib/x86_64-linux-gnu/libpthread-2.23.so
7f1af6c2d000-7f1af6e2c000 ---p 00018000 08:07 1205354                    /lib/x86_64-linux-gnu/libpthread-2.23.so
7f1af6e2c000-7f1af6e2d000 r--p 00017000 08:07 1205354                    /lib/x86_64-linux-gnu/libpthread-2.23.so
7f1af6e2d000-7f1af6e2e000 rw-p 00018000 08:07 1205354                    /lib/x86_64-linux-gnu/libpthread-2.23.so
7f1af6e2e000-7f1af6e32000 rw-p 00000000 00:00 0 
7f1af6e32000-7f1af6e35000 r-xp 00000000 08:07 1205381                    /lib/x86_64-linux-gnu/libdl-2.23.so
7f1af6e35000-7f1af7034000 ---p 00003000 08:07 1205381                    /lib/x86_64-linux-gnu/libdl-2.23.so
7f1af7034000-7f1af7035000 r--p 00002000 08:07 1205381                    /lib/x86_64-linux-gnu/libdl-2.23.so
7f1af7035000-7f1af7036000 rw-p 00003000 08:07 1205381                    /lib/x86_64-linux-gnu/libdl-2.23.so
7f1af7036000-7f1af71f6000 r-xp 00000000 08:07 1205412                    /lib/x86_64-linux-gnu/libc-2.23.so
7f1af71f6000-7f1af73f6000 ---p 001c0000 08:07 1205412                    /lib/x86_64-linux-gnu/libc-2.23.so
7f1af73f6000-7f1af73fa000 r--p 001c0000 08:07 1205412                    /lib/x86_64-linux-gnu/libc-2.23.so
7f1af73fa000-7f1af73fc000 rw-p 001c4000 08:07 1205412                    /lib/x86_64-linux-gnu/libc-2.23.so
7f1af73fc000-7f1af7400000 rw-p 00000000 00:00 0 
7f1af7400000-7f1af7416000 r-xp 00000000 08:07 1477938                    /usr/local/android-studio/jre/lib/amd64/jli/libjli.so
7f1af7416000-7f1af7615000 ---p 00016000 08:07 1477938                    /usr/local/android-studio/jre/lib/amd64/jli/libjli.so
7f1af7615000-7f1af7616000 r--p 00015000 08:07 1477938                    /usr/local/android-studio/jre/lib/amd64/jli/libjli.so
7f1af7616000-7f1af7617000 rw-p 00016000 08:07 1477938                    /usr/local/android-studio/jre/lib/amd64/jli/libjli.so
7f1af7617000-7f1af763d000 r-xp 00000000 08:07 1202674                    /lib/x86_64-linux-gnu/ld-2.23.so
7f1af763d000-7f1af763e000 r--s 00000000 08:07 1601687                    /home/ducpm/.gradle/wrapper/dists/gradle-3.3-all/55gk2rcmfc6p2dg9u9ohc3hw9/gradle-3.3/lib/javax.inject-1.jar
7f1af763e000-7f1af763f000 r--s 00000000 08:07 1601686                    /home/ducpm/.gradle/wrapper/dists/gradle-3.3-all/55gk2rcmfc6p2dg9u9ohc3hw9/gradle-3.3/lib/jcip-annotations-1.0.jar
7f1af763f000-7f1af7643000 r--s 00027000 08:07 1601685                    /home/ducpm/.gradle/wrapper/dists/gradle-3.3-all/55gk2rcmfc6p2dg9u9ohc3hw9/gradle-3.3/lib/commons-io-2.2.jar
7f1af7643000-7f1af7648000 r--s 00038000 08:07 1601682                    /home/ducpm/.gradle/wrapper/dists/gradle-3.3-all/55gk2rcmfc6p2dg9u9ohc3hw9/gradle-3.3/lib/asm-all-5.1.jar
7f1af7648000-7f1af764d000 r--s 00041000 08:07 1601677                    /home/ducpm/.gradle/wrapper/dists/gradle-3.3-all/55gk2rcmfc6p2dg9u9ohc3hw9/gradle-3.3/lib/commons-lang-2.6.jar
7f1af764d000-7f1af7656000 r--s 00042000 08:07 1601667                    /home/ducpm/.gradle/wrapper/dists/gradle-3.3-all/55gk2rcmfc6p2dg9u9ohc3hw9/gradle-3.3/lib/gradle-base-services-3.3.jar
7f1af7656000-7f1af7718000 rw-p 00000000 00:00 0 
7f1af7718000-7f1af771b000 ---p 00000000 00:00 0 
7f1af771b000-7f1af781d000 rw-p 00000000 00:00 0 
7f1af781d000-7f1af781e000 r--s 00001000 08:07 1601678                    /home/ducpm/.gradle/wrapper/dists/gradle-3.3-all/55gk2rcmfc6p2dg9u9ohc3hw9/gradle-3.3/lib/gradle-process-services-3.3.jar
7f1af781e000-7f1af7820000 r--s 00000000 08:07 1601668                    /home/ducpm/.gradle/wrapper/dists/gradle-3.3-all/55gk2rcmfc6p2dg9u9ohc3hw9/gradle-3.3/lib/gradle-jvm-services-3.3.jar
7f1af7820000-7f1af7821000 r--s 00000000 08:07 1601833                    /home/ducpm/.gradle/wrapper/dists/gradle-3.3-all/55gk2rcmfc6p2dg9u9ohc3hw9/gradle-3.3/lib/gradle-version-info-3.3.jar
7f1af7821000-7f1af7822000 r--s 00007000 08:07 1601675                    /home/ducpm/.gradle/wrapper/dists/gradle-3.3-all/55gk2rcmfc6p2dg9u9ohc3hw9/gradle-3.3/lib/slf4j-api-1.7.10.jar
7f1af7822000-7f1af7823000 r--s 00004000 08:07 1601700                    /home/ducpm/.gradle/wrapper/dists/gradle-3.3-all/55gk2rcmfc6p2dg9u9ohc3hw9/gradle-3.3/lib/ant-launcher-1.9.6.jar
7f1af7823000-7f1af7830000 r--s 0005c000 08:07 1601664                    /home/ducpm/.gradle/wrapper/dists/gradle-3.3-all/55gk2rcmfc6p2dg9u9ohc3hw9/gradle-3.3/lib/gradle-launcher-3.3.jar
7f1af7830000-7f1af7838000 rw-s 00000000 08:07 654117                     /tmp/hsperfdata_ducpm/2606
7f1af7838000-7f1af7839000 rw-p 00000000 00:00 0 
7f1af7839000-7f1af783a000 ---p 00000000 00:00 0 
7f1af783a000-7f1af783c000 rw-p 00000000 00:00 0 
7f1af783c000-7f1af783d000 r--p 00025000 08:07 1202674                    /lib/x86_64-linux-gnu/ld-2.23.so
7f1af783d000-7f1af783e000 rw-p 00026000 08:07 1202674                    /lib/x86_64-linux-gnu/ld-2.23.so
7f1af783e000-7f1af783f000 rw-p 00000000 00:00 0 
7fff71a6c000-7fff71a8d000 rw-p 00000000 00:00 0                          [stack]
7fff71b7f000-7fff71b81000 r--p 00000000 00:00 0                          [vvar]
7fff71b81000-7fff71b83000 r-xp 00000000 00:00 0                          [vdso]
ffffffffff600000-ffffffffff601000 r-xp 00000000 00:00 0                  [vsyscall]

VM Arguments:
jvm_args: -Xmx1536m -Dfile.encoding=UTF-8 -Duser.country=US -Duser.language=en -Duser.variant 
java_command: org.gradle.launcher.daemon.bootstrap.GradleDaemon 3.3
java_class_path (initial): /home/ducpm/.gradle/wrapper/dists/gradle-3.3-all/55gk2rcmfc6p2dg9u9ohc3hw9/gradle-3.3/lib/gradle-launcher-3.3.jar
Launcher Type: SUN_STANDARD

Environment Variables:
PATH=/home/ducpm/bin:/home/ducpm/.local/bin:/usr/local/sbin:/usr/local/bin:/usr/sbin:/usr/bin:/sbin:/bin:/usr/games:/usr/local/games:/snap/bin
LD_LIBRARY_PATH=.:
SHELL=/bin/bash
DISPLAY=:0

Signal Handlers:
SIGSEGV: [libjvm.so+0x9e5150], sa_mask[0]=11111111011111111101111111111110, sa_flags=SA_RESTART|SA_SIGINFO
SIGBUS: [libjvm.so+0x9e5150], sa_mask[0]=11111111011111111101111111111110, sa_flags=SA_RESTART|SA_SIGINFO
SIGFPE: [libjvm.so+0x848450], sa_mask[0]=11111111011111111101111111111110, sa_flags=SA_RESTART|SA_SIGINFO
SIGPIPE: [libjvm.so+0x848450], sa_mask[0]=11111111011111111101111111111110, sa_flags=SA_RESTART|SA_SIGINFO
SIGXFSZ: [libjvm.so+0x848450], sa_mask[0]=11111111011111111101111111111110, sa_flags=SA_RESTART|SA_SIGINFO
SIGILL: [libjvm.so+0x848450], sa_mask[0]=11111111011111111101111111111110, sa_flags=SA_RESTART|SA_SIGINFO
SIGUSR1: SIG_DFL, sa_mask[0]=00000000000000000000000000000000, sa_flags=none
SIGUSR2: [libjvm.so+0x848320], sa_mask[0]=00100000000000000000000000000000, sa_flags=SA_RESTART|SA_SIGINFO
SIGHUP: [libjvm.so+0x848510], sa_mask[0]=11111111011111111101111111111110, sa_flags=SA_RESTART|SA_SIGINFO
SIGINT: [libjvm.so+0x848510], sa_mask[0]=11111111011111111101111111111110, sa_flags=SA_RESTART|SA_SIGINFO
SIGTERM: [libjvm.so+0x848510], sa_mask[0]=11111111011111111101111111111110, sa_flags=SA_RESTART|SA_SIGINFO
SIGQUIT: [libjvm.so+0x848510], sa_mask[0]=11111111011111111101111111111110, sa_flags=SA_RESTART|SA_SIGINFO


---------------  S Y S T E M  ---------------

OS:DISTRIB_ID=Ubuntu
DISTRIB_RELEASE=16.04
DISTRIB_CODENAME=xenial
DISTRIB_DESCRIPTION="Ubuntu 16.04.2 LTS"

uname:Linux 4.4.0-89-generic #112-Ubuntu SMP Mon Jul 31 19:38:41 UTC 2017 x86_64
libc:glibc 2.23 NPTL 2.23 
rlimit: STACK 8192k, CORE 0k, NPROC 15278, NOFILE 65536, AS infinity
load average:2.31 1.18 0.82

/proc/meminfo:
MemTotal:        3951736 kB
MemFree:          121236 kB
MemAvailable:      35092 kB
Buffers:            3756 kB
Cached:           203188 kB
SwapCached:         2172 kB
Active:          2659828 kB
Inactive:        1008248 kB
Active(anon):    2644408 kB
Inactive(anon):   989816 kB
Active(file):      15420 kB
Inactive(file):    18432 kB
Unevictable:         160 kB
Mlocked:             160 kB
SwapTotal:        195580 kB
SwapFree:              0 kB
Dirty:              1772 kB
Writeback:             0 kB
AnonPages:       3459452 kB
Mapped:            82568 kB
Shmem:            172860 kB
Slab:              68980 kB
SReclaimable:      34596 kB
SUnreclaim:        34384 kB
KernelStack:        9440 kB
PageTables:        35588 kB
NFS_Unstable:          0 kB
Bounce:                0 kB
WritebackTmp:          0 kB
CommitLimit:     2171448 kB
Committed_AS:    7126780 kB
VmallocTotal:   34359738367 kB
VmallocUsed:           0 kB
VmallocChunk:          0 kB
HardwareCorrupted:     0 kB
AnonHugePages:   1148928 kB
CmaTotal:              0 kB
CmaFree:               0 kB
HugePages_Total:       0
HugePages_Free:        0
HugePages_Rsvd:        0
HugePages_Surp:        0
Hugepagesize:       2048 kB
DirectMap4k:      139436 kB
DirectMap2M:     3960832 kB
DirectMap1G:           0 kB


CPU:total 4 (2 cores per cpu, 2 threads per core) family 6 model 69 stepping 1, cmov, cx8, fxsr, mmx, sse, sse2, sse3, ssse3, sse4.1, sse4.2, popcnt, avx, avx2, aes, clmul, erms, lzcnt, ht, tsc, tscinvbit, bmi1, bmi2

/proc/cpuinfo:
processor	: 0
vendor_id	: GenuineIntel
cpu family	: 6
model		: 69
model name	: Intel(R) Core(TM) i5-4210U CPU @ 1.70GHz
stepping	: 1
microcode	: 0x17
cpu MHz		: 2537.156
cache size	: 3072 KB
physical id	: 0
siblings	: 4
core id		: 0
cpu cores	: 2
apicid		: 0
initial apicid	: 0
fpu		: yes
fpu_exception	: yes
cpuid level	: 13
wp		: yes
flags		: fpu vme de pse tsc msr pae mce cx8 apic sep mtrr pge mca cmov pat pse36 clflush dts acpi mmx fxsr sse sse2 ss ht tm pbe syscall nx pdpe1gb rdtscp lm constant_tsc arch_perfmon pebs bts rep_good nopl xtopology nonstop_tsc aperfmperf eagerfpu pni pclmulqdq dtes64 monitor ds_cpl vmx est tm2 ssse3 sdbg fma cx16 xtpr pdcm pcid sse4_1 sse4_2 movbe popcnt tsc_deadline_timer aes xsave avx f16c rdrand lahf_lm abm epb tpr_shadow vnmi flexpriority ept vpid fsgsbase tsc_adjust bmi1 avx2 smep bmi2 erms invpcid xsaveopt dtherm ida arat pln pts
bugs		:
bogomips	: 4788.64
clflush size	: 64
cache_alignment	: 64
address sizes	: 39 bits physical, 48 bits virtual
power management:

processor	: 1
vendor_id	: GenuineIntel
cpu family	: 6
model		: 69
model name	: Intel(R) Core(TM) i5-4210U CPU @ 1.70GHz
stepping	: 1
microcode	: 0x17
cpu MHz		: 2690.718
cache size	: 3072 KB
physical id	: 0
siblings	: 4
core id		: 0
cpu cores	: 2
apicid		: 1
initial apicid	: 1
fpu		: yes
fpu_exception	: yes
cpuid level	: 13
wp		: yes
flags		: fpu vme de pse tsc msr pae mce cx8 apic sep mtrr pge mca cmov pat pse36 clflush dts acpi mmx fxsr sse sse2 ss ht tm pbe syscall nx pdpe1gb rdtscp lm constant_tsc arch_perfmon pebs bts rep_good nopl xtopology nonstop_tsc aperfmperf eagerfpu pni pclmulqdq dtes64 monitor ds_cpl vmx est tm2 ssse3 sdbg fma cx16 xtpr pdcm pcid sse4_1 sse4_2 movbe popcnt tsc_deadline_timer aes xsave avx f16c rdrand lahf_lm abm epb tpr_shadow vnmi flexpriority ept vpid fsgsbase tsc_adjust bmi1 avx2 smep bmi2 erms invpcid xsaveopt dtherm ida arat pln pts
bugs		:
bogomips	: 4788.64
clflush size	: 64
cache_alignment	: 64
address sizes	: 39 bits physical, 48 bits virtual
power management:

processor	: 2
vendor_id	: GenuineIntel
cpu family	: 6
model		: 69
model name	: Intel(R) Core(TM) i5-4210U CPU @ 1.70GHz
stepping	: 1
microcode	: 0x17
cpu MHz		: 2399.906
cache size	: 3072 KB
physical id	: 0
siblings	: 4
core id		: 1
cpu cores	: 2
apicid		: 2
initial apicid	: 2
fpu		: yes
fpu_exception	: yes
cpuid level	: 13
wp		: yes
flags		: fpu vme de pse tsc msr pae mce cx8 apic sep mtrr pge mca cmov pat pse36 clflush dts acpi mmx fxsr sse sse2 ss ht tm pbe syscall nx pdpe1gb rdtscp lm constant_tsc arch_perfmon pebs bts rep_good nopl xtopology nonstop_tsc aperfmperf eagerfpu pni pclmulqdq dtes64 monitor ds_cpl vmx est tm2 ssse3 sdbg fma cx16 xtpr pdcm pcid sse4_1 sse4_2 movbe popcnt tsc_deadline_timer aes xsave avx f16c rdrand lahf_lm abm epb tpr_shadow vnmi flexpriority ept vpid fsgsbase tsc_adjust bmi1 avx2 smep bmi2 erms invpcid xsaveopt dtherm ida arat pln pts
bugs		:
bogomips	: 4788.64
clflush size	: 64
cache_alignment	: 64
address sizes	: 39 bits physical, 48 bits virtual
power management:

processor	: 3
vendor_id	: GenuineIntel
cpu family	: 6
model		: 69
model name	: Intel(R) Core(TM) i5-4210U CPU @ 1.70GHz
stepping	: 1
microcode	: 0x17
cpu MHz		: 2400.656
cache size	: 3072 KB
physical id	: 0
siblings	: 4
core id		: 1
cpu cores	: 2
apicid		: 3
initial apicid	: 3
fpu		: yes
fpu_exception	: yes
cpuid level	: 13
wp		: yes
flags		: fpu vme de pse tsc msr pae mce cx8 apic sep mtrr pge mca cmov pat pse36 clflush dts acpi mmx fxsr sse sse2 ss ht tm pbe syscall nx pdpe1gb rdtscp lm constant_tsc arch_perfmon pebs bts rep_good nopl xtopology nonstop_tsc aperfmperf eagerfpu pni pclmulqdq dtes64 monitor ds_cpl vmx est tm2 ssse3 sdbg fma cx16 xtpr pdcm pcid sse4_1 sse4_2 movbe popcnt tsc_deadline_timer aes xsave avx f16c rdrand lahf_lm abm epb tpr_shadow vnmi flexpriority ept vpid fsgsbase tsc_adjust bmi1 avx2 smep bmi2 erms invpcid xsaveopt dtherm ida arat pln pts
bugs		:
bogomips	: 4788.64
clflush size	: 64
cache_alignment	: 64
address sizes	: 39 bits physical, 48 bits virtual
power management:



Memory: 4k page, physical 3951736k(121236k free), swap 195580k(0k free)

vm_info: OpenJDK 64-Bit Server VM (25.112-b06) for linux-amd64 JRE (1.8.0_112-release-b06), built on Dec  6 2016 12:11:18 by "builder" with gcc 4.8.4

time: Fri Aug  4 11:31:59 2017
elapsed time: 2813 seconds (0d 0h 46m 53s)

